
[ 08-06-06 11:25:06 ]
注意：[8] Undefined index:  id ~runtime.php 第 9 行.

[ 08-06-06 11:25:06 ]
注意：[8] Undefined index:  id ~runtime.php 第 9 行.

[ 08-06-06 11:25:06 ]
注意：[8] Undefined index:  id ~runtime.php 第 9 行.

[ 08-06-06 11:25:27 ]
注意：[8] Undefined index:  id ~runtime.php 第 9 行.

[ 08-06-06 11:25:27 ]
注意：[8] Undefined index:  id ~runtime.php 第 9 行.

[ 08-06-06 11:25:27 ]
注意：[8] Undefined index:  id ~runtime.php 第 9 行.

[ 08-06-06 11:25:40 ]
注意：[8] Undefined index:  id ~runtime.php 第 9 行.

[ 08-06-06 11:25:40 ]
注意：[8] Undefined index:  id ~runtime.php 第 9 行.

[ 08-06-06 11:25:40 ]
注意：[8] Undefined index:  id ~runtime.php 第 9 行.

[ 08-06-06 11:26:29 ]
注意：[8] Undefined index:  id ~runtime.php 第 9 行.

[ 08-06-06 11:26:29 ]
注意：[8] Undefined index:  id ~runtime.php 第 9 行.

[ 08-06-06 11:26:29 ]
注意：[8] Undefined index:  id ~runtime.php 第 9 行.

[ 08-06-06 11:27:21 ]
注意：[8] Undefined index:  seqNo Sys_tablesAction.class.php 第 89 行.

[ 08-06-06 11:27:21 ]
注意：[8] Undefined index:  id ~runtime.php 第 9 行.

[ 08-06-06 11:28:22 ]
注意：[8] Undefined index:  id ~runtime.php 第 9 行.

[ 08-06-06 11:28:22 ]
注意：[8] Undefined index:  id ~runtime.php 第 9 行.

[ 08-06-06 11:28:22 ]
注意：[8] Undefined index:  id ~runtime.php 第 9 行.

[ 08-06-06 11:28:22 ]
注意：[8] Undefined index:  id ~runtime.php 第 9 行.

[ 08-06-06 11:28:22 ]
注意：[8] Undefined index:  id ~runtime.php 第 9 行.

[ 08-06-06 11:28:22 ]
注意：[8] Undefined index:  id ~runtime.php 第 9 行.

[ 08-06-06 11:29:21 ]
注意：[8] Undefined index:  id ~runtime.php 第 9 行.

[ 08-06-06 11:29:21 ]
注意：[8] Undefined index:  id ~runtime.php 第 9 行.

[ 08-06-06 11:29:21 ]
注意：[8] Undefined index:  id ~runtime.php 第 9 行.

[ 08-06-06 11:29:21 ]
注意：[8] Undefined index:  id ~runtime.php 第 9 行.

[ 08-06-06 11:29:21 ]
注意：[8] Undefined index:  id ~runtime.php 第 9 行.

[ 08-06-06 11:29:21 ]
注意：[8] Undefined index:  id ~runtime.php 第 9 行.

[ 08-06-06 11:29:21 ]
注意：[8] Undefined index:  id ~runtime.php 第 9 行.

[ 08-06-06 11:29:21 ]
注意：[8] Undefined index:  id ~runtime.php 第 9 行.

[ 08-06-06 11:29:21 ]
注意：[8] Undefined index:  id ~runtime.php 第 9 行.

[ 08-06-06 11:29:21 ]
注意：[8] Undefined index:  id ~runtime.php 第 9 行.

[ 08-06-06 11:29:21 ]
注意：[8] Undefined index:  id ~runtime.php 第 9 行.

[ 08-06-06 11:29:21 ]
注意：[8] Undefined index:  id ~runtime.php 第 9 行.

[ 08-06-06 11:29:21 ]
注意：[8] Undefined index:  id ~runtime.php 第 9 行.

[ 08-06-06 11:29:21 ]
注意：[8] Undefined index:  id ~runtime.php 第 9 行.

[ 08-06-06 11:29:21 ]
注意：[8] Undefined index:  id ~runtime.php 第 9 行.

[ 08-06-06 11:29:21 ]
注意：[8] Undefined index:  id ~runtime.php 第 9 行.

[ 08-06-06 11:29:21 ]
注意：[8] Undefined index:  id ~runtime.php 第 9 行.

[ 08-06-06 11:29:21 ]
注意：[8] Undefined index:  id ~runtime.php 第 9 行.

[ 08-06-06 11:29:21 ]
注意：[8] Undefined index:  id ~runtime.php 第 9 行.

[ 08-06-06 11:29:21 ]
注意：[8] Undefined index:  id ~runtime.php 第 9 行.

[ 08-06-06 11:29:37 ]
注意：[8] Undefined index:  seqNo Sys_tablesAction.class.php 第 89 行.

[ 08-06-06 11:29:37 ]
注意：[8] Undefined index:  id ~runtime.php 第 9 行.

[ 08-06-06 11:30:03 ]
注意：[8] Undefined index:  id ~runtime.php 第 9 行.

[ 08-06-06 11:30:03 ]
注意：[8] Undefined index:  id ~runtime.php 第 9 行.

[ 08-06-06 11:30:03 ]
注意：[8] Undefined index:  id ~runtime.php 第 9 行.

[ 08-06-06 11:30:03 ]
注意：[8] Undefined index:  id ~runtime.php 第 9 行.

[ 08-06-06 11:30:03 ]
注意：[8] Undefined index:  id ~runtime.php 第 9 行.

[ 08-06-06 11:30:03 ]
注意：[8] Undefined index:  id ~runtime.php 第 9 行.

[ 08-06-06 11:30:03 ]
注意：[8] Undefined index:  id ~runtime.php 第 9 行.

[ 08-06-06 11:30:03 ]
注意：[8] Undefined index:  id ~runtime.php 第 9 行.

[ 08-06-06 11:30:03 ]
注意：[8] Undefined index:  id ~runtime.php 第 9 行.

[ 08-06-06 11:30:03 ]
注意：[8] Undefined index:  id ~runtime.php 第 9 行.

[ 08-06-06 11:30:03 ]
注意：[8] Undefined index:  id ~runtime.php 第 9 行.

[ 08-06-06 11:30:03 ]
注意：[8] Undefined index:  id ~runtime.php 第 9 行.

[ 08-06-06 11:30:03 ]
注意：[8] Undefined index:  id ~runtime.php 第 9 行.

[ 08-06-06 11:30:03 ]
注意：[8] Undefined index:  id ~runtime.php 第 9 行.

[ 08-06-06 11:30:03 ]
注意：[8] Undefined index:  id ~runtime.php 第 9 行.

[ 08-06-06 11:30:03 ]
注意：[8] Undefined index:  id ~runtime.php 第 9 行.

[ 08-06-06 11:30:03 ]
注意：[8] Undefined index:  id ~runtime.php 第 9 行.

[ 08-06-06 11:30:03 ]
注意：[8] Undefined index:  id ~runtime.php 第 9 行.

[ 08-06-06 11:30:03 ]
注意：[8] Undefined index:  id ~runtime.php 第 9 行.

[ 08-06-06 11:30:03 ]
注意：[8] Undefined index:  id ~runtime.php 第 9 行.

[ 08-06-06 11:31:47 ]
注意：[8] Undefined index:  id ~runtime.php 第 9 行.

[ 08-06-06 11:31:47 ]
注意：[8] Undefined index:  id ~runtime.php 第 9 行.

[ 08-06-06 11:31:47 ]
注意：[8] Undefined index:  id ~runtime.php 第 9 行.

[ 08-06-06 11:31:47 ]
注意：[8] Undefined index:  id ~runtime.php 第 9 行.

[ 08-06-06 11:31:47 ]
注意：[8] Undefined index:  id ~runtime.php 第 9 行.

[ 08-06-06 11:31:47 ]
注意：[8] Undefined index:  id ~runtime.php 第 9 行.

[ 08-06-06 11:34:06 ]
注意：[8] Undefined index:  id ~runtime.php 第 9 行.

[ 08-06-06 11:34:06 ]
注意：[8] Undefined index:  id ~runtime.php 第 9 行.

[ 08-06-06 11:34:06 ]
注意：[8] Undefined index:  id ~runtime.php 第 9 行.

[ 08-06-06 11:34:06 ]
注意：[8] Undefined index:  id ~runtime.php 第 9 行.

[ 08-06-06 11:34:06 ]
注意：[8] Undefined index:  id ~runtime.php 第 9 行.

[ 08-06-06 11:34:06 ]
注意：[8] Undefined index:  id ~runtime.php 第 9 行.

[ 08-06-06 11:38:27 ]
注意：[8] Undefined index:  id ~runtime.php 第 9 行.

[ 08-06-06 11:38:27 ]
注意：[8] Undefined index:  id ~runtime.php 第 9 行.

[ 08-06-06 11:38:27 ]
注意：[8] Undefined index:  id ~runtime.php 第 9 行.

[ 08-06-06 11:38:27 ]
注意：[8] Undefined index:  id ~runtime.php 第 9 行.

[ 08-06-06 11:38:27 ]
注意：[8] Undefined index:  id ~runtime.php 第 9 行.

[ 08-06-06 11:38:27 ]
注意：[8] Undefined index:  id ~runtime.php 第 9 行.
[ 08-06-06 11:38:30 ]

错误信息：[ tpmaker Sys_tables buidepro ]非法操作buidepro
错误页面：/tpmaker/index.php/Sys_tables/buidepro/id/26
错误类型：ThinkException
错误跟踪：
[08-06-06 11:38:06]  () Action->__call(buidepro, Array)
[08-06-06 11:38:06] D:\xampp\htdocs\sample_verson\tpmaker\Temp\~runtime.php (9) sys_tablesAction->buidepro()
[08-06-06 11:38:06] D:\xampp\htdocs\sample_verson\tpmaker\Temp\~runtime.php (9) App->exec()
[08-06-06 11:38:06] D:\xampp\htdocs\sample_verson\tpmaker\index.php (12) App->run()


[ 08-06-06 11:40:40 ]
注意：[8] Undefined index:  id ~runtime.php 第 9 行.

[ 08-06-06 11:40:40 ]
注意：[8] Undefined index:  id ~runtime.php 第 9 行.

[ 08-06-06 11:40:40 ]
注意：[8] Undefined index:  id ~runtime.php 第 9 行.

[ 08-06-06 11:41:25 ]
注意：[8] Undefined index:  id ~runtime.php 第 9 行.

[ 08-06-06 11:41:25 ]
注意：[8] Undefined index:  id ~runtime.php 第 9 行.

[ 08-06-06 11:41:25 ]
注意：[8] Undefined index:  id ~runtime.php 第 9 行.

[ 08-06-06 14:20:57 ]
注意：[8] Undefined index:  id ~runtime.php 第 9 行.

[ 08-06-06 14:20:57 ]
注意：[8] Undefined index:  id ~runtime.php 第 9 行.

[ 08-06-06 14:20:57 ]
注意：[8] Undefined index:  id ~runtime.php 第 9 行.

[ 08-06-06 14:20:57 ]
注意：[8] Undefined index:  id ~runtime.php 第 9 行.

[ 08-06-06 14:20:57 ]
注意：[8] Undefined index:  id ~runtime.php 第 9 行.

[ 08-06-06 14:20:57 ]
注意：[8] Undefined index:  id ~runtime.php 第 9 行.

[ 08-06-06 14:21:13 ]
注意：[8] Undefined index:  id ~runtime.php 第 9 行.

[ 08-06-06 14:21:13 ]
注意：[8] Undefined index:  id ~runtime.php 第 9 行.

[ 08-06-06 14:21:13 ]
注意：[8] Undefined index:  id ~runtime.php 第 9 行.

[ 08-06-06 14:21:13 ]
注意：[8] Undefined index:  id ~runtime.php 第 9 行.

[ 08-06-06 14:21:13 ]
注意：[8] Undefined index:  id ~runtime.php 第 9 行.

[ 08-06-06 14:21:13 ]
注意：[8] Undefined index:  id ~runtime.php 第 9 行.
