
[ 08-06-05 08:59:24 ]
 RunTime:0.000515s SQL = SELECT * FROM tp_sys_fields WHERE id='1375'
[ 08-06-05 08:59:24 ]
 RunTime:0.000339s SQL = UPDATE tp_sys_fields SET `pid` = '284',`name` = 'title',`caption` = '标题',`islist` = '1',`fieldtype` = '4',`fieldlenght` = '0',`request` = '1',`validate` = '1',`validate_tex` = '',`validate_reg` = '',`viewtype` = '1',`edittype` = '1',`addtype` = '1',`islistwidth` = '',`islistviewtype` = '1',`iswrap` = '0',`indexvar` = '',`autotype` = '0',`issystem` = '1',`outkey` = '',`outkeyis` = '0',`outkeyid` = '',`outkeyf` = '',`outkeywhere` = '',`searchtype` = '1',`advsearchtype` = '1',`issearch` = '1',`seqNo` = '1',`modelid` = '0' WHERE id=1375
[ 08-06-05 08:59:24 ]
 RunTime:0.000373s SQL = SELECT * FROM tp_sys_fields WHERE id='1374'
[ 08-06-05 08:59:24 ]
 RunTime:0.000297s SQL = UPDATE tp_sys_fields SET `pid` = '284',`name` = 'content',`caption` = '内容',`islist` = '0',`fieldtype` = '3',`fieldlenght` = '0',`request` = '1',`validate` = '1',`validate_tex` = '',`validate_reg` = '',`viewtype` = '1',`edittype` = '9',`addtype` = '9',`islistwidth` = '',`islistviewtype` = '1',`iswrap` = '0',`indexvar` = '',`autotype` = '0',`issystem` = '1',`outkey` = '',`outkeyis` = '0',`outkeyid` = '',`outkeyf` = '',`outkeywhere` = '',`searchtype` = '1',`advsearchtype` = '1',`issearch` = '1',`seqNo` = '2',`modelid` = '0' WHERE id=1374
[ 08-06-05 08:59:24 ]
 RunTime:0.000364s SQL = SELECT * FROM tp_sys_fields WHERE id='1380'
[ 08-06-05 08:59:24 ]
 RunTime:0.000264s SQL = UPDATE tp_sys_fields SET `pid` = '284',`name` = 'callingId',`caption` = '所属行业',`islist` = '1',`fieldtype` = '2',`fieldlenght` = '0',`request` = '1',`validate` = '1',`validate_tex` = '',`validate_reg` = '',`viewtype` = '2',`edittype` = '2',`addtype` = '2',`islistwidth` = '',`islistviewtype` = '1',`iswrap` = '0',`indexvar` = '',`autotype` = '0',`issystem` = '1',`outkey` = 'calling',`outkeyis` = '0',`outkeyid` = 'id',`outkeyf` = 'title_cn',`outkeywhere` = '',`searchtype` = '1',`advsearchtype` = '1',`issearch` = '0',`seqNo` = '3',`modelid` = '0' WHERE id=1380
[ 08-06-05 08:59:24 ]
 RunTime:0.000352s SQL = SELECT * FROM tp_sys_fields WHERE id='1376'
[ 08-06-05 08:59:24 ]
 RunTime:0.000310s SQL = UPDATE tp_sys_fields SET `pid` = '284',`name` = 'outnewstypeId',`caption` = '内容分类',`islist` = '1',`fieldtype` = '2',`fieldlenght` = '0',`request` = '1',`validate` = '1',`validate_tex` = '',`validate_reg` = '',`viewtype` = '2',`edittype` = '2',`addtype` = '2',`islistwidth` = '',`islistviewtype` = '1',`iswrap` = '0',`indexvar` = '',`autotype` = '0',`issystem` = '1',`outkey` = 'outnewstype',`outkeyis` = '0',`outkeyid` = 'id',`outkeyf` = 'title_cn',`outkeywhere` = '',`searchtype` = '1',`advsearchtype` = '1',`issearch` = '0',`seqNo` = '4',`modelid` = '0' WHERE id=1376
[ 08-06-05 08:59:24 ]
 RunTime:0.000378s SQL = SELECT * FROM tp_sys_fields WHERE id='1377'
[ 08-06-05 08:59:24 ]
 RunTime:0.000252s SQL = UPDATE tp_sys_fields SET `pid` = '284',`name` = 'langId',`caption` = '发布语言',`islist` = '1',`fieldtype` = '2',`fieldlenght` = '0',`request` = '1',`validate` = '1',`validate_tex` = '',`validate_reg` = '',`viewtype` = '2',`edittype` = '2',`addtype` = '2',`islistwidth` = '',`islistviewtype` = '1',`iswrap` = '0',`indexvar` = '',`autotype` = '0',`issystem` = '1',`outkey` = 'lang',`outkeyis` = '0',`outkeyid` = 'id',`outkeyf` = 'title',`outkeywhere` = '',`searchtype` = '1',`advsearchtype` = '1',`issearch` = '0',`seqNo` = '5',`modelid` = '0' WHERE id=1377
[ 08-06-05 08:59:24 ]
 RunTime:0.000365s SQL = SELECT * FROM tp_sys_fields WHERE id='1378'
[ 08-06-05 08:59:24 ]
 RunTime:0.000283s SQL = UPDATE tp_sys_fields SET `pid` = '284',`name` = 'startdate',`caption` = '开始时间',`islist` = '1',`fieldtype` = '1',`fieldlenght` = '0',`request` = '0',`validate` = '1',`validate_tex` = '',`validate_reg` = '',`viewtype` = '1',`edittype` = '1',`addtype` = '1',`islistwidth` = '',`islistviewtype` = '1',`iswrap` = '0',`indexvar` = '',`autotype` = '0',`issystem` = '1',`outkey` = '',`outkeyis` = '0',`outkeyid` = '',`outkeyf` = '',`outkeywhere` = '',`searchtype` = '1',`advsearchtype` = '1',`issearch` = '0',`seqNo` = '6',`modelid` = '0' WHERE id=1378
[ 08-06-05 08:59:24 ]
 RunTime:0.000359s SQL = SELECT * FROM tp_sys_fields WHERE id='1379'
[ 08-06-05 08:59:24 ]
 RunTime:0.000291s SQL = UPDATE tp_sys_fields SET `pid` = '284',`name` = 'enddate',`caption` = '完成时间',`islist` = '1',`fieldtype` = '1',`fieldlenght` = '0',`request` = '0',`validate` = '1',`validate_tex` = '',`validate_reg` = '',`viewtype` = '1',`edittype` = '1',`addtype` = '1',`islistwidth` = '',`islistviewtype` = '1',`iswrap` = '0',`indexvar` = '',`autotype` = '0',`issystem` = '1',`outkey` = '',`outkeyis` = '0',`outkeyid` = '',`outkeyf` = '',`outkeywhere` = '',`searchtype` = '1',`advsearchtype` = '1',`issearch` = '0',`seqNo` = '7',`modelid` = '0' WHERE id=1379
[ 08-06-05 09:08:58 ]
 RunTime:0.000501s SQL = SELECT * FROM tp_sys_fields WHERE id='1375'
[ 08-06-05 09:08:58 ]
 RunTime:0.000346s SQL = UPDATE tp_sys_fields SET `pid` = '284',`name` = 'title',`caption` = '标题',`islist` = '1',`fieldtype` = '4',`fieldlenght` = '0',`request` = '1',`validate` = '1',`validate_tex` = '',`validate_reg` = '',`viewtype` = '1',`edittype` = '1',`addtype` = '1',`islistwidth` = '',`islistviewtype` = '1',`iswrap` = '0',`indexvar` = '',`autotype` = '0',`issystem` = '1',`outkey` = '',`outkeyis` = '0',`outkeyid` = '',`outkeyf` = '',`outkeywhere` = '',`searchtype` = '1',`advsearchtype` = '1',`issearch` = '1',`seqNo` = '1',`modelid` = '0' WHERE id=1375
[ 08-06-05 09:08:58 ]
 RunTime:0.000380s SQL = SELECT * FROM tp_sys_fields WHERE id='1374'
[ 08-06-05 09:08:58 ]
 RunTime:0.000366s SQL = UPDATE tp_sys_fields SET `pid` = '284',`name` = 'content',`caption` = '内容',`islist` = '0',`fieldtype` = '3',`fieldlenght` = '0',`request` = '1',`validate` = '1',`validate_tex` = '',`validate_reg` = '',`viewtype` = '10',`edittype` = '9',`addtype` = '9',`islistwidth` = '',`islistviewtype` = '1',`iswrap` = '0',`indexvar` = '',`autotype` = '0',`issystem` = '1',`outkey` = '',`outkeyis` = '0',`outkeyid` = '',`outkeyf` = '',`outkeywhere` = '',`searchtype` = '1',`advsearchtype` = '1',`issearch` = '1',`seqNo` = '2',`modelid` = '0' WHERE id=1374
[ 08-06-05 09:08:58 ]
 RunTime:0.000367s SQL = SELECT * FROM tp_sys_fields WHERE id='1380'
[ 08-06-05 09:08:58 ]
 RunTime:0.000270s SQL = UPDATE tp_sys_fields SET `pid` = '284',`name` = 'callingId',`caption` = '所属行业',`islist` = '1',`fieldtype` = '2',`fieldlenght` = '0',`request` = '1',`validate` = '1',`validate_tex` = '',`validate_reg` = '',`viewtype` = '2',`edittype` = '2',`addtype` = '2',`islistwidth` = '',`islistviewtype` = '1',`iswrap` = '0',`indexvar` = '',`autotype` = '0',`issystem` = '1',`outkey` = 'calling',`outkeyis` = '0',`outkeyid` = 'id',`outkeyf` = 'title_cn',`outkeywhere` = '',`searchtype` = '1',`advsearchtype` = '1',`issearch` = '0',`seqNo` = '3',`modelid` = '0' WHERE id=1380
[ 08-06-05 09:08:58 ]
 RunTime:0.000370s SQL = SELECT * FROM tp_sys_fields WHERE id='1376'
[ 08-06-05 09:08:58 ]
 RunTime:0.000255s SQL = UPDATE tp_sys_fields SET `pid` = '284',`name` = 'outnewstypeId',`caption` = '内容分类',`islist` = '1',`fieldtype` = '2',`fieldlenght` = '0',`request` = '1',`validate` = '1',`validate_tex` = '',`validate_reg` = '',`viewtype` = '2',`edittype` = '2',`addtype` = '2',`islistwidth` = '',`islistviewtype` = '1',`iswrap` = '0',`indexvar` = '',`autotype` = '0',`issystem` = '1',`outkey` = 'outnewstype',`outkeyis` = '0',`outkeyid` = 'id',`outkeyf` = 'title_cn',`outkeywhere` = '',`searchtype` = '1',`advsearchtype` = '1',`issearch` = '0',`seqNo` = '4',`modelid` = '0' WHERE id=1376
[ 08-06-05 09:08:58 ]
 RunTime:0.000368s SQL = SELECT * FROM tp_sys_fields WHERE id='1377'
[ 08-06-05 09:08:58 ]
 RunTime:0.000253s SQL = UPDATE tp_sys_fields SET `pid` = '284',`name` = 'langId',`caption` = '发布语言',`islist` = '1',`fieldtype` = '2',`fieldlenght` = '0',`request` = '1',`validate` = '1',`validate_tex` = '',`validate_reg` = '',`viewtype` = '2',`edittype` = '2',`addtype` = '2',`islistwidth` = '',`islistviewtype` = '1',`iswrap` = '0',`indexvar` = '',`autotype` = '0',`issystem` = '1',`outkey` = 'lang',`outkeyis` = '0',`outkeyid` = 'id',`outkeyf` = 'title',`outkeywhere` = '',`searchtype` = '1',`advsearchtype` = '1',`issearch` = '0',`seqNo` = '5',`modelid` = '0' WHERE id=1377
[ 08-06-05 09:08:58 ]
 RunTime:0.000371s SQL = SELECT * FROM tp_sys_fields WHERE id='1378'
[ 08-06-05 09:08:58 ]
 RunTime:0.000271s SQL = UPDATE tp_sys_fields SET `pid` = '284',`name` = 'startdate',`caption` = '开始时间',`islist` = '1',`fieldtype` = '1',`fieldlenght` = '0',`request` = '0',`validate` = '1',`validate_tex` = '',`validate_reg` = '',`viewtype` = '1',`edittype` = '1',`addtype` = '1',`islistwidth` = '',`islistviewtype` = '1',`iswrap` = '0',`indexvar` = '',`autotype` = '0',`issystem` = '1',`outkey` = '',`outkeyis` = '0',`outkeyid` = '',`outkeyf` = '',`outkeywhere` = '',`searchtype` = '1',`advsearchtype` = '1',`issearch` = '0',`seqNo` = '6',`modelid` = '0' WHERE id=1378
[ 08-06-05 09:08:58 ]
 RunTime:0.000362s SQL = SELECT * FROM tp_sys_fields WHERE id='1379'
[ 08-06-05 09:08:58 ]
 RunTime:0.000338s SQL = UPDATE tp_sys_fields SET `pid` = '284',`name` = 'enddate',`caption` = '完成时间',`islist` = '1',`fieldtype` = '1',`fieldlenght` = '0',`request` = '0',`validate` = '1',`validate_tex` = '',`validate_reg` = '',`viewtype` = '1',`edittype` = '1',`addtype` = '1',`islistwidth` = '',`islistviewtype` = '1',`iswrap` = '0',`indexvar` = '',`autotype` = '0',`issystem` = '1',`outkey` = '',`outkeyis` = '0',`outkeyid` = '',`outkeyf` = '',`outkeywhere` = '',`searchtype` = '1',`advsearchtype` = '1',`issearch` = '0',`seqNo` = '7',`modelid` = '0' WHERE id=1379
[ 08-06-05 09:19:18 ]
 RunTime:0.000971s SQL = SELECT * FROM tp_sys_fields WHERE id='1360'
[ 08-06-05 09:19:18 ]
 RunTime:0.000466s SQL = UPDATE tp_sys_fields SET `pid` = '280',`name` = 'title',`caption` = '标题',`islist` = '1',`fieldtype` = '4',`fieldlenght` = '',`request` = '1',`validate` = '1',`validate_tex` = '',`validate_reg` = '',`viewtype` = '1',`edittype` = '1',`addtype` = '1',`islistwidth` = '',`islistviewtype` = '1',`iswrap` = '0',`indexvar` = '',`autotype` = '0',`issystem` = '1',`outkey` = '',`outkeyis` = '0',`outkeyid` = '',`outkeyf` = '',`outkeywhere` = '',`searchtype` = '1',`advsearchtype` = '1',`issearch` = '1',`seqNo` = '1',`modelid` = '0' WHERE id=1360
[ 08-06-05 09:19:18 ]
 RunTime:0.000555s SQL = SELECT * FROM tp_sys_fields WHERE id='1362'
[ 08-06-05 09:19:18 ]
 RunTime:0.000362s SQL = UPDATE tp_sys_fields SET `pid` = '280',`name` = 'content',`caption` = '内容',`islist` = '1',`fieldtype` = '3',`fieldlenght` = '',`request` = '1',`validate` = '1',`validate_tex` = '',`validate_reg` = '',`viewtype` = '1',`edittype` = '9',`addtype` = '9',`islistwidth` = '',`islistviewtype` = '1',`iswrap` = '0',`indexvar` = '',`autotype` = '0',`issystem` = '1',`outkey` = '',`outkeyis` = '0',`outkeyid` = '',`outkeyf` = '',`outkeywhere` = '',`searchtype` = '1',`advsearchtype` = '1',`issearch` = '1',`seqNo` = '3',`modelid` = '0' WHERE id=1362
[ 08-06-05 09:19:18 ]
 RunTime:0.000381s SQL = SELECT * FROM tp_sys_fields WHERE id='1364'
[ 08-06-05 09:19:18 ]
 RunTime:0.000374s SQL = UPDATE tp_sys_fields SET `pid` = '280',`name` = 'callingId',`caption` = '所属行业',`islist` = '1',`fieldtype` = '2',`fieldlenght` = '',`request` = '1',`validate` = '1',`validate_tex` = '',`validate_reg` = '',`viewtype` = '2',`edittype` = '2',`addtype` = '2',`islistwidth` = '',`islistviewtype` = '1',`iswrap` = '0',`indexvar` = '',`autotype` = '0',`issystem` = '1',`outkey` = 'calling',`outkeyis` = '1',`outkeyid` = 'id',`outkeyf` = 'title_cn',`outkeywhere` = '',`searchtype` = '1',`advsearchtype` = '1',`issearch` = '0',`seqNo` = '4',`modelid` = '0' WHERE id=1364
[ 08-06-05 09:19:18 ]
 RunTime:0.000407s SQL = SELECT * FROM tp_sys_fields WHERE id='1359'
[ 08-06-05 09:19:18 ]
 RunTime:0.000369s SQL = UPDATE tp_sys_fields SET `pid` = '280',`name` = 'outfiletypeId',`caption` = '内容分类',`islist` = '1',`fieldtype` = '2',`fieldlenght` = '',`request` = '1',`validate` = '1',`validate_tex` = '',`validate_reg` = '',`viewtype` = '2',`edittype` = '2',`addtype` = '2',`islistwidth` = '',`islistviewtype` = '1',`iswrap` = '0',`indexvar` = '',`autotype` = '0',`issystem` = '1',`outkey` = 'outfiletype',`outkeyis` = '1',`outkeyid` = 'id',`outkeyf` = 'title_cn',`outkeywhere` = '',`searchtype` = '1',`advsearchtype` = '1',`issearch` = '0',`seqNo` = '5',`modelid` = '0' WHERE id=1359
[ 08-06-05 09:19:18 ]
 RunTime:0.000461s SQL = SELECT * FROM tp_sys_fields WHERE id='1363'
[ 08-06-05 09:19:18 ]
 RunTime:0.000369s SQL = UPDATE tp_sys_fields SET `pid` = '280',`name` = 'langId',`caption` = '发布语言',`islist` = '1',`fieldtype` = '2',`fieldlenght` = '',`request` = '1',`validate` = '1',`validate_tex` = '',`validate_reg` = '',`viewtype` = '2',`edittype` = '2',`addtype` = '2',`islistwidth` = '',`islistviewtype` = '1',`iswrap` = '0',`indexvar` = '',`autotype` = '0',`issystem` = '1',`outkey` = 'lang',`outkeyis` = '1',`outkeyid` = 'id',`outkeyf` = 'title',`outkeywhere` = '',`searchtype` = '1',`advsearchtype` = '1',`issearch` = '0',`seqNo` = '6',`modelid` = '0' WHERE id=1363
[ 08-06-05 09:19:18 ]
 RunTime:0.000384s SQL = SELECT * FROM tp_sys_fields WHERE id='1361'
[ 08-06-05 09:19:18 ]
 RunTime:0.000382s SQL = UPDATE tp_sys_fields SET `pid` = '280',`name` = 'files',`caption` = '文件',`islist` = '0',`fieldtype` = '1',`fieldlenght` = '',`request` = '0',`validate` = '1',`validate_tex` = '',`validate_reg` = '',`viewtype` = '5',`edittype` = '6',`addtype` = '6',`islistwidth` = '',`islistviewtype` = '1',`iswrap` = '0',`indexvar` = '',`autotype` = '0',`issystem` = '1',`outkey` = '',`outkeyis` = '0',`outkeyid` = '',`outkeyf` = '',`outkeywhere` = '',`searchtype` = '1',`advsearchtype` = '1',`issearch` = '0',`seqNo` = '8',`modelid` = '0' WHERE id=1361
[ 08-06-05 09:22:42 ]
 RunTime:0.000538s SQL = INSERT INTO tp_sub_htmltags (`title`,`othervar`,`seqNo`,`usetype`,`color`) VALUES ('filedown','OK','','2','8')
[ 08-06-05 09:22:42 ]
 RunTime:0.000331s SQL = INSERT INTO tp_sub_htmltags (`title`,`othervar`,`seqNo`,`usetype`,`color`) VALUES ('filedown','OK','','2','8')
[ 08-06-05 09:23:49 ]
 RunTime:0.000428s SQL = SELECT * FROM tp_sub_viewtype WHERE id='1'
[ 08-06-05 09:23:49 ]
 RunTime:0.000245s SQL = UPDATE tp_sub_viewtype SET `title` = '[默认]text',`htmltype` = 'text',`htmlname` = '',`htmlvar` = '',`isdisabled` = '0',`isreadonly` = '0',`seqNo` = '0',`color` = '1',`othervar` = '' WHERE id=1
[ 08-06-05 09:23:49 ]
 RunTime:0.000297s SQL = SELECT * FROM tp_sub_viewtype WHERE id='10'
[ 08-06-05 09:23:49 ]
 RunTime:0.000329s SQL = UPDATE tp_sub_viewtype SET `title` = 'HTML',`htmltype` = 'htmltext',`htmlname` = '',`htmlvar` = '',`isdisabled` = '0',`isreadonly` = '0',`seqNo` = '0',`color` = '8',`othervar` = '' WHERE id=10
[ 08-06-05 09:23:49 ]
 RunTime:0.000319s SQL = SELECT * FROM tp_sub_viewtype WHERE id='2'
[ 08-06-05 09:23:49 ]
 RunTime:0.000201s SQL = UPDATE tp_sub_viewtype SET `title` = '引用外表',`htmltype` = 'outtable',`htmlname` = '',`htmlvar` = '',`isdisabled` = '0',`isreadonly` = '0',`seqNo` = '1',`color` = '2',`othervar` = '' WHERE id=2
[ 08-06-05 09:23:49 ]
 RunTime:0.000291s SQL = SELECT * FROM tp_sub_viewtype WHERE id='3'
[ 08-06-05 09:23:49 ]
 RunTime:0.000195s SQL = UPDATE tp_sub_viewtype SET `title` = '图标显示',`htmltype` = 'icon',`htmlname` = '',`htmlvar` = '',`isdisabled` = '0',`isreadonly` = '0',`seqNo` = '2',`color` = '3',`othervar` = '' WHERE id=3
[ 08-06-05 09:23:49 ]
 RunTime:0.000297s SQL = SELECT * FROM tp_sub_viewtype WHERE id='4'
[ 08-06-05 09:23:49 ]
 RunTime:0.000298s SQL = UPDATE tp_sub_viewtype SET `title` = '图片显示',`htmltype` = 'image',`htmlname` = '',`htmlvar` = '',`isdisabled` = '0',`isreadonly` = '0',`seqNo` = '3',`color` = '4',`othervar` = '' WHERE id=4
[ 08-06-05 09:23:49 ]
 RunTime:0.000327s SQL = SELECT * FROM tp_sub_viewtype WHERE id='5'
[ 08-06-05 09:23:49 ]
 RunTime:0.000245s SQL = UPDATE tp_sub_viewtype SET `title` = '文件下载',`htmltype` = 'filedown',`htmlname` = '',`htmlvar` = '',`isdisabled` = '0',`isreadonly` = '0',`seqNo` = '4',`color` = '5',`othervar` = '' WHERE id=5
[ 08-06-05 09:23:49 ]
 RunTime:0.000305s SQL = SELECT * FROM tp_sub_viewtype WHERE id='6'
[ 08-06-05 09:23:49 ]
 RunTime:0.000208s SQL = UPDATE tp_sub_viewtype SET `title` = '链接[索引]',`htmltype` = 'text',`htmlname` = '',`htmlvar` = '',`isdisabled` = '0',`isreadonly` = '0',`seqNo` = '5',`color` = '6',`othervar` = '' WHERE id=6
[ 08-06-05 09:23:49 ]
 RunTime:0.000293s SQL = SELECT * FROM tp_sub_viewtype WHERE id='7'
[ 08-06-05 09:23:49 ]
 RunTime:0.000188s SQL = UPDATE tp_sub_viewtype SET `title` = '时间[YMD]',`htmltype` = 'time',`htmlname` = '',`htmlvar` = '',`isdisabled` = '0',`isreadonly` = '0',`seqNo` = '6',`color` = '7',`othervar` = '' WHERE id=7
[ 08-06-05 09:23:49 ]
 RunTime:0.000288s SQL = SELECT * FROM tp_sub_viewtype WHERE id='8'
[ 08-06-05 09:23:49 ]
 RunTime:0.000215s SQL = UPDATE tp_sub_viewtype SET `title` = '时间[全]',`htmltype` = 'time',`htmlname` = '',`htmlvar` = '',`isdisabled` = '0',`isreadonly` = '0',`seqNo` = '7',`color` = '8',`othervar` = '' WHERE id=8
[ 08-06-05 09:23:49 ]
 RunTime:0.000397s SQL = SELECT * FROM tp_sub_viewtype WHERE id='9'
[ 08-06-05 09:23:49 ]
 RunTime:0.000200s SQL = UPDATE tp_sub_viewtype SET `title` = '1对多',`htmltype` = 'text',`htmlname` = '',`htmlvar` = '',`isdisabled` = '0',`isreadonly` = '0',`seqNo` = '8',`color` = '9',`othervar` = '' WHERE id=9
[ 08-06-05 09:24:23 ]
 RunTime:0.001020s SQL = SELECT * FROM tp_sys_fields WHERE id='1360'
[ 08-06-05 09:24:23 ]
 RunTime:0.000326s SQL = UPDATE tp_sys_fields SET `pid` = '280',`name` = 'title',`caption` = '标题',`islist` = '1',`fieldtype` = '4',`fieldlenght` = '0',`request` = '1',`validate` = '1',`validate_tex` = '',`validate_reg` = '',`viewtype` = '1',`edittype` = '1',`addtype` = '1',`islistwidth` = '',`islistviewtype` = '1',`iswrap` = '0',`indexvar` = '',`autotype` = '0',`issystem` = '1',`outkey` = '',`outkeyis` = '0',`outkeyid` = '',`outkeyf` = '',`outkeywhere` = '',`searchtype` = '1',`advsearchtype` = '1',`issearch` = '1',`seqNo` = '1',`modelid` = '0' WHERE id=1360
[ 08-06-05 09:24:23 ]
 RunTime:0.000464s SQL = SELECT * FROM tp_sys_fields WHERE id='1362'
[ 08-06-05 09:24:23 ]
 RunTime:0.000454s SQL = UPDATE tp_sys_fields SET `pid` = '280',`name` = 'content',`caption` = '内容',`islist` = '1',`fieldtype` = '3',`fieldlenght` = '0',`request` = '1',`validate` = '1',`validate_tex` = '',`validate_reg` = '',`viewtype` = '1',`edittype` = '9',`addtype` = '9',`islistwidth` = '',`islistviewtype` = '1',`iswrap` = '0',`indexvar` = '',`autotype` = '0',`issystem` = '1',`outkey` = '',`outkeyis` = '0',`outkeyid` = '',`outkeyf` = '',`outkeywhere` = '',`searchtype` = '1',`advsearchtype` = '1',`issearch` = '1',`seqNo` = '3',`modelid` = '0' WHERE id=1362
[ 08-06-05 09:24:23 ]
 RunTime:0.000405s SQL = SELECT * FROM tp_sys_fields WHERE id='1364'
[ 08-06-05 09:24:23 ]
 RunTime:0.000317s SQL = UPDATE tp_sys_fields SET `pid` = '280',`name` = 'callingId',`caption` = '所属行业',`islist` = '1',`fieldtype` = '2',`fieldlenght` = '0',`request` = '1',`validate` = '1',`validate_tex` = '',`validate_reg` = '',`viewtype` = '2',`edittype` = '2',`addtype` = '2',`islistwidth` = '',`islistviewtype` = '1',`iswrap` = '0',`indexvar` = '',`autotype` = '0',`issystem` = '1',`outkey` = 'calling',`outkeyis` = '1',`outkeyid` = 'id',`outkeyf` = 'title_cn',`outkeywhere` = '',`searchtype` = '1',`advsearchtype` = '1',`issearch` = '0',`seqNo` = '4',`modelid` = '0' WHERE id=1364
[ 08-06-05 09:24:23 ]
 RunTime:0.000414s SQL = SELECT * FROM tp_sys_fields WHERE id='1359'
[ 08-06-05 09:24:23 ]
 RunTime:0.000389s SQL = UPDATE tp_sys_fields SET `pid` = '280',`name` = 'outfiletypeId',`caption` = '内容分类',`islist` = '1',`fieldtype` = '2',`fieldlenght` = '0',`request` = '1',`validate` = '1',`validate_tex` = '',`validate_reg` = '',`viewtype` = '2',`edittype` = '2',`addtype` = '2',`islistwidth` = '',`islistviewtype` = '1',`iswrap` = '0',`indexvar` = '',`autotype` = '0',`issystem` = '1',`outkey` = 'outfiletype',`outkeyis` = '1',`outkeyid` = 'id',`outkeyf` = 'title_cn',`outkeywhere` = '',`searchtype` = '1',`advsearchtype` = '1',`issearch` = '0',`seqNo` = '5',`modelid` = '0' WHERE id=1359
[ 08-06-05 09:24:23 ]
 RunTime:0.000440s SQL = SELECT * FROM tp_sys_fields WHERE id='1363'
[ 08-06-05 09:24:23 ]
 RunTime:0.000409s SQL = UPDATE tp_sys_fields SET `pid` = '280',`name` = 'langId',`caption` = '发布语言',`islist` = '1',`fieldtype` = '2',`fieldlenght` = '0',`request` = '1',`validate` = '1',`validate_tex` = '',`validate_reg` = '',`viewtype` = '2',`edittype` = '2',`addtype` = '2',`islistwidth` = '',`islistviewtype` = '1',`iswrap` = '0',`indexvar` = '',`autotype` = '0',`issystem` = '1',`outkey` = 'lang',`outkeyis` = '1',`outkeyid` = 'id',`outkeyf` = 'title',`outkeywhere` = '',`searchtype` = '1',`advsearchtype` = '1',`issearch` = '0',`seqNo` = '6',`modelid` = '0' WHERE id=1363
[ 08-06-05 09:24:23 ]
 RunTime:0.000445s SQL = SELECT * FROM tp_sys_fields WHERE id='1361'
[ 08-06-05 09:24:23 ]
 RunTime:0.000289s SQL = UPDATE tp_sys_fields SET `pid` = '280',`name` = 'files',`caption` = '文件',`islist` = '0',`fieldtype` = '1',`fieldlenght` = '0',`request` = '0',`validate` = '1',`validate_tex` = '',`validate_reg` = '',`viewtype` = '5',`edittype` = '6',`addtype` = '6',`islistwidth` = '',`islistviewtype` = '1',`iswrap` = '0',`indexvar` = '',`autotype` = '0',`issystem` = '1',`outkey` = '',`outkeyis` = '0',`outkeyid` = '',`outkeyf` = '',`outkeywhere` = '',`searchtype` = '1',`advsearchtype` = '1',`issearch` = '0',`seqNo` = '8',`modelid` = '0' WHERE id=1361
[ 08-06-05 09:24:53 ]
 RunTime:0.000457s SQL = SELECT * FROM tp_sub_edittype WHERE id='1'
[ 08-06-05 09:24:53 ]
 RunTime:0.000369s SQL = UPDATE tp_sub_edittype SET `title` = '[默认]input',`htmltype` = 'input',`htmlname` = '',`htmlid` = '',`htmlvar` = '',`htmlstyle` = 'width:300px',`htmlclass` = 'input',`isdisabled` = '0',`isreadonly` = '0',`outtable` = '',`outkey` = '',`outcondition` = '',`outorder` = '',`outadd` = '',`seqNo` = '0',`color` = '1',`othervar` = '' WHERE id=1
[ 08-06-05 09:24:53 ]
 RunTime:0.000499s SQL = SELECT * FROM tp_sub_edittype WHERE id='15'
[ 08-06-05 09:24:53 ]
 RunTime:0.000257s SQL = UPDATE tp_sub_edittype SET `title` = '只读[HTML]',`htmltype` = 'htmltext',`htmlname` = '',`htmlid` = '',`htmlvar` = '',`htmlstyle` = '',`htmlclass` = '',`isdisabled` = '0',`isreadonly` = '0',`outtable` = '',`outkey` = '',`outcondition` = '',`outorder` = '',`outadd` = '',`seqNo` = '0',`color` = '14',`othervar` = '' WHERE id=15
[ 08-06-05 09:24:53 ]
 RunTime:0.000309s SQL = SELECT * FROM tp_sub_edittype WHERE id='16'
[ 08-06-05 09:24:53 ]
 RunTime:0.000216s SQL = UPDATE tp_sub_edittype SET `title` = '只读[TEXT]',`htmltype` = 'text',`htmlname` = '',`htmlid` = '',`htmlvar` = '',`htmlstyle` = '',`htmlclass` = '',`isdisabled` = '0',`isreadonly` = '0',`outtable` = '',`outkey` = '',`outcondition` = '',`outorder` = '',`outadd` = '',`seqNo` = '0',`color` = '14',`othervar` = '' WHERE id=16
[ 08-06-05 09:24:53 ]
 RunTime:0.000293s SQL = SELECT * FROM tp_sub_edittype WHERE id='17'
[ 08-06-05 09:24:53 ]
 RunTime:0.000225s SQL = UPDATE tp_sub_edittype SET `title` = '只读[tIme]',`htmltype` = 'time',`htmlname` = '',`htmlid` = '',`htmlvar` = '',`htmlstyle` = '',`htmlclass` = '',`isdisabled` = '0',`isreadonly` = '0',`outtable` = '',`outkey` = '',`outcondition` = '',`outorder` = '',`outadd` = '',`seqNo` = '0',`color` = '14',`othervar` = '' WHERE id=17
[ 08-06-05 09:24:53 ]
 RunTime:0.000356s SQL = SELECT * FROM tp_sub_edittype WHERE id='2'
[ 08-06-05 09:24:53 ]
 RunTime:0.000310s SQL = UPDATE tp_sub_edittype SET `title` = '单选[select]',`htmltype` = 'select',`htmlname` = '',`htmlid` = '',`htmlvar` = '',`htmlstyle` = '',`htmlclass` = '',`isdisabled` = '0',`isreadonly` = '0',`outtable` = '',`outkey` = '',`outcondition` = '',`outorder` = '',`outadd` = '',`seqNo` = '1',`color` = '2',`othervar` = '' WHERE id=2
[ 08-06-05 09:24:53 ]
 RunTime:0.000309s SQL = SELECT * FROM tp_sub_edittype WHERE id='3'
[ 08-06-05 09:24:53 ]
 RunTime:0.000293s SQL = UPDATE tp_sub_edittype SET `title` = '是否&不定',`htmltype` = 'radio',`htmlname` = '',`htmlid` = '',`htmlvar` = '',`htmlstyle` = '',`htmlclass` = '',`isdisabled` = '0',`isreadonly` = '0',`outtable` = '',`outkey` = '',`outcondition` = '',`outorder` = '',`outadd` = '',`seqNo` = '2',`color` = '3',`othervar` = '' WHERE id=3
[ 08-06-05 09:24:53 ]
 RunTime:0.000317s SQL = SELECT * FROM tp_sub_edittype WHERE id='4'
[ 08-06-05 09:24:53 ]
 RunTime:0.000233s SQL = UPDATE tp_sub_edittype SET `title` = '多选[check]',`htmltype` = 'checkboxGroup',`htmlname` = '',`htmlid` = '',`htmlvar` = '',`htmlstyle` = '',`htmlclass` = '',`isdisabled` = '0',`isreadonly` = '0',`outtable` = '',`outkey` = '',`outcondition` = '',`outorder` = '',`outadd` = '',`seqNo` = '3',`color` = '4',`othervar` = '' WHERE id=4
[ 08-06-05 09:24:53 ]
 RunTime:0.000292s SQL = SELECT * FROM tp_sub_edittype WHERE id='5'
[ 08-06-05 09:24:53 ]
 RunTime:0.000212s SQL = UPDATE tp_sub_edittype SET `title` = '多选[select]',`htmltype` = 'selectmultiple',`htmlname` = '',`htmlid` = '',`htmlvar` = '',`htmlstyle` = '',`htmlclass` = '',`isdisabled` = '0',`isreadonly` = '0',`outtable` = '',`outkey` = '',`outcondition` = '',`outorder` = '',`outadd` = '',`seqNo` = '4',`color` = '5',`othervar` = '' WHERE id=5
[ 08-06-05 09:24:53 ]
 RunTime:0.000312s SQL = SELECT * FROM tp_sub_edittype WHERE id='6'
[ 08-06-05 09:24:53 ]
 RunTime:0.000255s SQL = UPDATE tp_sub_edittype SET `title` = '文件上传',`htmltype` = 'files',`htmlname` = '',`htmlid` = '',`htmlvar` = '',`htmlstyle` = '',`htmlclass` = '',`isdisabled` = '0',`isreadonly` = '0',`outtable` = '',`outkey` = '',`outcondition` = '',`outorder` = '',`outadd` = '',`seqNo` = '5',`color` = '6',`othervar` = '' WHERE id=6
[ 08-06-05 09:24:53 ]
 RunTime:0.000302s SQL = SELECT * FROM tp_sub_edittype WHERE id='7'
[ 08-06-05 09:24:53 ]
 RunTime:0.000231s SQL = UPDATE tp_sub_edittype SET `title` = '图标',`htmltype` = 'input',`htmlname` = '',`htmlid` = '',`htmlvar` = '',`htmlstyle` = '',`htmlclass` = '',`isdisabled` = '0',`isreadonly` = '0',`outtable` = '',`outkey` = '',`outcondition` = '',`outorder` = '',`outadd` = '',`seqNo` = '6',`color` = '7',`othervar` = '' WHERE id=7
[ 08-06-05 09:24:53 ]
 RunTime:0.000318s SQL = SELECT * FROM tp_sub_edittype WHERE id='8'
[ 08-06-05 09:24:53 ]
 RunTime:0.000232s SQL = UPDATE tp_sub_edittype SET `title` = '文本[正常]',`htmltype` = 'textarea',`htmlname` = '',`htmlid` = '',`htmlvar` = '',`htmlstyle` = '',`htmlclass` = '',`isdisabled` = '0',`isreadonly` = '0',`outtable` = '',`outkey` = '',`outcondition` = '',`outorder` = '',`outadd` = '',`seqNo` = '7',`color` = '8',`othervar` = '' WHERE id=8
[ 08-06-05 09:24:53 ]
 RunTime:0.000299s SQL = SELECT * FROM tp_sub_edittype WHERE id='9'
[ 08-06-05 09:24:53 ]
 RunTime:0.000226s SQL = UPDATE tp_sub_edittype SET `title` = '文本[word]',`htmltype` = 'word',`htmlname` = '',`htmlid` = '',`htmlvar` = '',`htmlstyle` = '',`htmlclass` = '',`isdisabled` = '0',`isreadonly` = '0',`outtable` = '',`outkey` = '',`outcondition` = '',`outorder` = '',`outadd` = '',`seqNo` = '8',`color` = '9',`othervar` = '' WHERE id=9
[ 08-06-05 09:24:53 ]
 RunTime:0.000299s SQL = SELECT * FROM tp_sub_edittype WHERE id='10'
[ 08-06-05 09:24:53 ]
 RunTime:0.000319s SQL = UPDATE tp_sub_edittype SET `title` = '隐藏[时间]',`htmltype` = 'hidden',`htmlname` = '',`htmlid` = '',`htmlvar` = '',`htmlstyle` = '',`htmlclass` = '',`isdisabled` = '0',`isreadonly` = '0',`outtable` = '',`outkey` = '',`outcondition` = '',`outorder` = '',`outadd` = '',`seqNo` = '9',`color` = '10',`othervar` = '' WHERE id=10
[ 08-06-05 09:24:53 ]
 RunTime:0.000349s SQL = SELECT * FROM tp_sub_edittype WHERE id='12'
[ 08-06-05 09:24:53 ]
 RunTime:0.000345s SQL = UPDATE tp_sub_edittype SET `title` = '隐藏[IP]',`htmltype` = 'hidden',`htmlname` = '',`htmlid` = '',`htmlvar` = '',`htmlstyle` = '',`htmlclass` = '',`isdisabled` = '0',`isreadonly` = '0',`outtable` = '',`outkey` = '',`outcondition` = '',`outorder` = '',`outadd` = '',`seqNo` = '10',`color` = '12',`othervar` = '' WHERE id=12
[ 08-06-05 09:24:53 ]
 RunTime:0.000348s SQL = SELECT * FROM tp_sub_edittype WHERE id='11'
[ 08-06-05 09:24:53 ]
 RunTime:0.000313s SQL = UPDATE tp_sub_edittype SET `title` = '联想输入',`htmltype` = 'input',`htmlname` = '',`htmlid` = '',`htmlvar` = '',`htmlstyle` = '',`htmlclass` = '',`isdisabled` = '0',`isreadonly` = '0',`outtable` = '',`outkey` = '',`outcondition` = '',`outorder` = '',`outadd` = '',`seqNo` = '11',`color` = '11',`othervar` = '' WHERE id=11
[ 08-06-05 09:24:53 ]
 RunTime:0.000343s SQL = SELECT * FROM tp_sub_edittype WHERE id='13'
[ 08-06-05 09:24:53 ]
 RunTime:0.000261s SQL = UPDATE tp_sub_edittype SET `title` = '时间[年月日]',`htmltype` = 'calendar',`htmlname` = '',`htmlid` = '',`htmlvar` = '',`htmlstyle` = '',`htmlclass` = '',`isdisabled` = '0',`isreadonly` = '0',`outtable` = '',`outkey` = '',`outcondition` = '',`outorder` = '',`outadd` = '',`seqNo` = '12',`color` = '13',`othervar` = '' WHERE id=13
[ 08-06-05 09:24:53 ]
 RunTime:0.000482s SQL = SELECT * FROM tp_sub_edittype WHERE id='14'
[ 08-06-05 09:24:53 ]
 RunTime:0.000360s SQL = UPDATE tp_sub_edittype SET `title` = '时间[YMDHIS]',`htmltype` = 'calendar',`htmlname` = '',`htmlid` = '',`htmlvar` = '',`htmlstyle` = '',`htmlclass` = '',`isdisabled` = '0',`isreadonly` = '0',`outtable` = '',`outkey` = '',`outcondition` = '',`outorder` = '',`outadd` = '',`seqNo` = '13',`color` = '14',`othervar` = '' WHERE id=14
[ 08-06-05 09:24:57 ]
 RunTime:0.000427s SQL = SELECT * FROM tp_sub_addtype WHERE id='1'
[ 08-06-05 09:24:57 ]
 RunTime:0.000253s SQL = UPDATE tp_sub_addtype SET `title` = '[默认]input',`htmltype` = 'input',`htmlname` = '',`htmlid` = '',`htmlvar` = '',`htmlstyle` = 'width:300px',`htmlclass` = 'input',`isdisabled` = '0',`isreadonly` = '0',`outtable` = '',`outkey` = '',`outcondition` = '',`outorder` = '',`outadd` = '',`seqNo` = '0',`color` = '1',`othervar` = '' WHERE id=1
[ 08-06-05 09:24:57 ]
 RunTime:0.000309s SQL = SELECT * FROM tp_sub_addtype WHERE id='15'
[ 08-06-05 09:24:57 ]
 RunTime:0.000217s SQL = UPDATE tp_sub_addtype SET `title` = '只读[HTML]',`htmltype` = 'htmltext',`htmlname` = '',`htmlid` = '',`htmlvar` = '',`htmlstyle` = '',`htmlclass` = '',`isdisabled` = '0',`isreadonly` = '0',`outtable` = '',`outkey` = '',`outcondition` = '',`outorder` = '',`outadd` = '',`seqNo` = '0',`color` = '14',`othervar` = '' WHERE id=15
[ 08-06-05 09:24:57 ]
 RunTime:0.000305s SQL = SELECT * FROM tp_sub_addtype WHERE id='16'
[ 08-06-05 09:24:57 ]
 RunTime:0.000229s SQL = UPDATE tp_sub_addtype SET `title` = '只读[TEXT]',`htmltype` = 'text',`htmlname` = '',`htmlid` = '',`htmlvar` = '',`htmlstyle` = '',`htmlclass` = '',`isdisabled` = '0',`isreadonly` = '0',`outtable` = '',`outkey` = '',`outcondition` = '',`outorder` = '',`outadd` = '',`seqNo` = '0',`color` = '14',`othervar` = '' WHERE id=16
[ 08-06-05 09:24:57 ]
 RunTime:0.000304s SQL = SELECT * FROM tp_sub_addtype WHERE id='17'
[ 08-06-05 09:24:57 ]
 RunTime:0.000216s SQL = UPDATE tp_sub_addtype SET `title` = '只读[tIme]',`htmltype` = 'time',`htmlname` = '',`htmlid` = '',`htmlvar` = '',`htmlstyle` = '',`htmlclass` = '',`isdisabled` = '0',`isreadonly` = '0',`outtable` = '',`outkey` = '',`outcondition` = '',`outorder` = '',`outadd` = '',`seqNo` = '0',`color` = '14',`othervar` = '' WHERE id=17
[ 08-06-05 09:24:57 ]
 RunTime:0.000286s SQL = SELECT * FROM tp_sub_addtype WHERE id='2'
[ 08-06-05 09:24:57 ]
 RunTime:0.000222s SQL = UPDATE tp_sub_addtype SET `title` = '单选[select]',`htmltype` = 'select',`htmlname` = '',`htmlid` = '',`htmlvar` = '',`htmlstyle` = '',`htmlclass` = '',`isdisabled` = '0',`isreadonly` = '0',`outtable` = '',`outkey` = '',`outcondition` = '',`outorder` = '',`outadd` = '',`seqNo` = '1',`color` = '2',`othervar` = '' WHERE id=2
[ 08-06-05 09:24:57 ]
 RunTime:0.000326s SQL = SELECT * FROM tp_sub_addtype WHERE id='3'
[ 08-06-05 09:24:57 ]
 RunTime:0.000226s SQL = UPDATE tp_sub_addtype SET `title` = '是否&不定',`htmltype` = 'radio',`htmlname` = '',`htmlid` = '',`htmlvar` = '',`htmlstyle` = '',`htmlclass` = '',`isdisabled` = '0',`isreadonly` = '0',`outtable` = '',`outkey` = '',`outcondition` = '',`outorder` = '',`outadd` = '',`seqNo` = '2',`color` = '3',`othervar` = '' WHERE id=3
[ 08-06-05 09:24:57 ]
 RunTime:0.000296s SQL = SELECT * FROM tp_sub_addtype WHERE id='4'
[ 08-06-05 09:24:57 ]
 RunTime:0.000211s SQL = UPDATE tp_sub_addtype SET `title` = '多选[check]',`htmltype` = 'checkboxGroup',`htmlname` = '',`htmlid` = '',`htmlvar` = '',`htmlstyle` = '',`htmlclass` = '',`isdisabled` = '0',`isreadonly` = '0',`outtable` = '',`outkey` = '',`outcondition` = '',`outorder` = '',`outadd` = '',`seqNo` = '3',`color` = '4',`othervar` = '' WHERE id=4
[ 08-06-05 09:24:57 ]
 RunTime:0.000303s SQL = SELECT * FROM tp_sub_addtype WHERE id='5'
[ 08-06-05 09:24:57 ]
 RunTime:0.000225s SQL = UPDATE tp_sub_addtype SET `title` = '多选[select]',`htmltype` = 'selectmultiple',`htmlname` = '',`htmlid` = '',`htmlvar` = '',`htmlstyle` = '',`htmlclass` = '',`isdisabled` = '0',`isreadonly` = '0',`outtable` = '',`outkey` = '',`outcondition` = '',`outorder` = '',`outadd` = '',`seqNo` = '4',`color` = '5',`othervar` = '' WHERE id=5
[ 08-06-05 09:24:57 ]
 RunTime:0.000292s SQL = SELECT * FROM tp_sub_addtype WHERE id='6'
[ 08-06-05 09:24:57 ]
 RunTime:0.000258s SQL = UPDATE tp_sub_addtype SET `title` = '文件上传',`htmltype` = 'files',`htmlname` = '',`htmlid` = '',`htmlvar` = '',`htmlstyle` = '',`htmlclass` = '',`isdisabled` = '0',`isreadonly` = '0',`outtable` = '',`outkey` = '',`outcondition` = '',`outorder` = '',`outadd` = '',`seqNo` = '5',`color` = '6',`othervar` = '' WHERE id=6
[ 08-06-05 09:24:57 ]
 RunTime:0.000295s SQL = SELECT * FROM tp_sub_addtype WHERE id='7'
[ 08-06-05 09:24:57 ]
 RunTime:0.000211s SQL = UPDATE tp_sub_addtype SET `title` = '图标',`htmltype` = 'input',`htmlname` = '',`htmlid` = '',`htmlvar` = '',`htmlstyle` = '',`htmlclass` = '',`isdisabled` = '0',`isreadonly` = '0',`outtable` = '',`outkey` = '',`outcondition` = '',`outorder` = '',`outadd` = '',`seqNo` = '6',`color` = '7',`othervar` = '' WHERE id=7
[ 08-06-05 09:24:57 ]
 RunTime:0.000299s SQL = SELECT * FROM tp_sub_addtype WHERE id='8'
[ 08-06-05 09:24:57 ]
 RunTime:0.000297s SQL = UPDATE tp_sub_addtype SET `title` = '文本[正常]',`htmltype` = 'textarea',`htmlname` = '',`htmlid` = '',`htmlvar` = '',`htmlstyle` = '',`htmlclass` = '',`isdisabled` = '0',`isreadonly` = '0',`outtable` = '',`outkey` = '',`outcondition` = '',`outorder` = '',`outadd` = '',`seqNo` = '7',`color` = '8',`othervar` = '' WHERE id=8
[ 08-06-05 09:24:57 ]
 RunTime:0.000335s SQL = SELECT * FROM tp_sub_addtype WHERE id='9'
[ 08-06-05 09:24:57 ]
 RunTime:0.000288s SQL = UPDATE tp_sub_addtype SET `title` = '文本[word]',`htmltype` = 'word',`htmlname` = '',`htmlid` = '',`htmlvar` = '',`htmlstyle` = '',`htmlclass` = '',`isdisabled` = '0',`isreadonly` = '0',`outtable` = '',`outkey` = '',`outcondition` = '',`outorder` = '',`outadd` = '',`seqNo` = '8',`color` = '9',`othervar` = '' WHERE id=9
[ 08-06-05 09:24:57 ]
 RunTime:0.000434s SQL = SELECT * FROM tp_sub_addtype WHERE id='10'
[ 08-06-05 09:24:57 ]
 RunTime:0.000356s SQL = UPDATE tp_sub_addtype SET `title` = '隐藏[时间]',`htmltype` = 'hidden',`htmlname` = '',`htmlid` = '',`htmlvar` = '',`htmlstyle` = '',`htmlclass` = '',`isdisabled` = '0',`isreadonly` = '0',`outtable` = '',`outkey` = '',`outcondition` = '',`outorder` = '',`outadd` = '',`seqNo` = '9',`color` = '10',`othervar` = '' WHERE id=10
[ 08-06-05 09:24:57 ]
 RunTime:0.000336s SQL = SELECT * FROM tp_sub_addtype WHERE id='12'
[ 08-06-05 09:24:57 ]
 RunTime:0.000313s SQL = UPDATE tp_sub_addtype SET `title` = '隐藏[IP]',`htmltype` = 'hidden',`htmlname` = '',`htmlid` = '',`htmlvar` = '',`htmlstyle` = '',`htmlclass` = '',`isdisabled` = '0',`isreadonly` = '0',`outtable` = '',`outkey` = '',`outcondition` = '',`outorder` = '',`outadd` = '',`seqNo` = '10',`color` = '12',`othervar` = '' WHERE id=12
[ 08-06-05 09:24:57 ]
 RunTime:0.000332s SQL = SELECT * FROM tp_sub_addtype WHERE id='11'
[ 08-06-05 09:24:57 ]
 RunTime:0.000326s SQL = UPDATE tp_sub_addtype SET `title` = '联想输入',`htmltype` = 'input',`htmlname` = '',`htmlid` = '',`htmlvar` = '',`htmlstyle` = '',`htmlclass` = '',`isdisabled` = '0',`isreadonly` = '0',`outtable` = '',`outkey` = '',`outcondition` = '',`outorder` = '',`outadd` = '',`seqNo` = '11',`color` = '11',`othervar` = '' WHERE id=11
[ 08-06-05 09:24:57 ]
 RunTime:0.000470s SQL = SELECT * FROM tp_sub_addtype WHERE id='13'
[ 08-06-05 09:24:57 ]
 RunTime:0.000246s SQL = UPDATE tp_sub_addtype SET `title` = '时间[年月日]',`htmltype` = 'calendar',`htmlname` = '',`htmlid` = '',`htmlvar` = '',`htmlstyle` = '',`htmlclass` = '',`isdisabled` = '0',`isreadonly` = '0',`outtable` = '',`outkey` = '',`outcondition` = '',`outorder` = '',`outadd` = '',`seqNo` = '12',`color` = '13',`othervar` = '' WHERE id=13
[ 08-06-05 09:24:57 ]
 RunTime:0.000302s SQL = SELECT * FROM tp_sub_addtype WHERE id='14'
[ 08-06-05 09:24:57 ]
 RunTime:0.000221s SQL = UPDATE tp_sub_addtype SET `title` = '时间[YMDHIS]',`htmltype` = 'calendar',`htmlname` = '',`htmlid` = '',`htmlvar` = '',`htmlstyle` = '',`htmlclass` = '',`isdisabled` = '0',`isreadonly` = '0',`outtable` = '',`outkey` = '',`outcondition` = '',`outorder` = '',`outadd` = '',`seqNo` = '13',`color` = '14',`othervar` = '' WHERE id=14
[ 08-06-05 09:38:05 ]
 RunTime:0.000487s SQL = SELECT * FROM tp_sys_fields WHERE id='1360'
[ 08-06-05 09:38:05 ]
 RunTime:0.000288s SQL = UPDATE tp_sys_fields SET `pid` = '280',`name` = 'title',`caption` = '标题',`islist` = '1',`fieldtype` = '4',`fieldlenght` = '0',`request` = '1',`validate` = '1',`validate_tex` = '',`validate_reg` = '',`viewtype` = '1',`edittype` = '1',`addtype` = '1',`islistwidth` = '',`islistviewtype` = '1',`iswrap` = '0',`indexvar` = '',`autotype` = '0',`issystem` = '1',`outkey` = '',`outkeyis` = '0',`outkeyid` = '',`outkeyf` = '',`outkeywhere` = '',`searchtype` = '1',`advsearchtype` = '1',`issearch` = '1',`seqNo` = '1',`modelid` = '0' WHERE id=1360
[ 08-06-05 09:38:05 ]
 RunTime:0.000357s SQL = SELECT * FROM tp_sys_fields WHERE id='1362'
[ 08-06-05 09:38:05 ]
 RunTime:0.000310s SQL = UPDATE tp_sys_fields SET `pid` = '280',`name` = 'content',`caption` = '内容',`islist` = '0',`fieldtype` = '3',`fieldlenght` = '0',`request` = '1',`validate` = '1',`validate_tex` = '',`validate_reg` = '',`viewtype` = '10',`edittype` = '9',`addtype` = '9',`islistwidth` = '',`islistviewtype` = '1',`iswrap` = '0',`indexvar` = '',`autotype` = '0',`issystem` = '1',`outkey` = '',`outkeyis` = '0',`outkeyid` = '',`outkeyf` = '',`outkeywhere` = '',`searchtype` = '1',`advsearchtype` = '1',`issearch` = '1',`seqNo` = '3',`modelid` = '0' WHERE id=1362
[ 08-06-05 09:38:05 ]
 RunTime:0.000358s SQL = SELECT * FROM tp_sys_fields WHERE id='1364'
[ 08-06-05 09:38:05 ]
 RunTime:0.000263s SQL = UPDATE tp_sys_fields SET `pid` = '280',`name` = 'callingId',`caption` = '所属行业',`islist` = '1',`fieldtype` = '2',`fieldlenght` = '0',`request` = '1',`validate` = '1',`validate_tex` = '',`validate_reg` = '',`viewtype` = '2',`edittype` = '2',`addtype` = '2',`islistwidth` = '',`islistviewtype` = '1',`iswrap` = '0',`indexvar` = '',`autotype` = '0',`issystem` = '1',`outkey` = 'calling',`outkeyis` = '1',`outkeyid` = 'id',`outkeyf` = 'title_cn',`outkeywhere` = '',`searchtype` = '1',`advsearchtype` = '1',`issearch` = '0',`seqNo` = '4',`modelid` = '0' WHERE id=1364
[ 08-06-05 09:38:05 ]
 RunTime:0.000363s SQL = SELECT * FROM tp_sys_fields WHERE id='1359'
[ 08-06-05 09:38:05 ]
 RunTime:0.000247s SQL = UPDATE tp_sys_fields SET `pid` = '280',`name` = 'outfiletypeId',`caption` = '内容分类',`islist` = '1',`fieldtype` = '2',`fieldlenght` = '0',`request` = '1',`validate` = '1',`validate_tex` = '',`validate_reg` = '',`viewtype` = '2',`edittype` = '2',`addtype` = '2',`islistwidth` = '',`islistviewtype` = '1',`iswrap` = '0',`indexvar` = '',`autotype` = '0',`issystem` = '1',`outkey` = 'outfiletype',`outkeyis` = '1',`outkeyid` = 'id',`outkeyf` = 'title_cn',`outkeywhere` = '',`searchtype` = '1',`advsearchtype` = '1',`issearch` = '0',`seqNo` = '5',`modelid` = '0' WHERE id=1359
[ 08-06-05 09:38:05 ]
 RunTime:0.000350s SQL = SELECT * FROM tp_sys_fields WHERE id='1363'
[ 08-06-05 09:38:05 ]
 RunTime:0.000624s SQL = UPDATE tp_sys_fields SET `pid` = '280',`name` = 'langId',`caption` = '发布语言',`islist` = '1',`fieldtype` = '2',`fieldlenght` = '0',`request` = '1',`validate` = '1',`validate_tex` = '',`validate_reg` = '',`viewtype` = '2',`edittype` = '2',`addtype` = '2',`islistwidth` = '',`islistviewtype` = '1',`iswrap` = '0',`indexvar` = '',`autotype` = '0',`issystem` = '1',`outkey` = 'lang',`outkeyis` = '1',`outkeyid` = 'id',`outkeyf` = 'title',`outkeywhere` = '',`searchtype` = '1',`advsearchtype` = '1',`issearch` = '0',`seqNo` = '6',`modelid` = '0' WHERE id=1363
[ 08-06-05 09:38:05 ]
 RunTime:0.000432s SQL = SELECT * FROM tp_sys_fields WHERE id='1361'
[ 08-06-05 09:38:05 ]
 RunTime:0.000318s SQL = UPDATE tp_sys_fields SET `pid` = '280',`name` = 'files',`caption` = '文件',`islist` = '1',`fieldtype` = '1',`fieldlenght` = '0',`request` = '0',`validate` = '1',`validate_tex` = '',`validate_reg` = '',`viewtype` = '5',`edittype` = '6',`addtype` = '6',`islistwidth` = '',`islistviewtype` = '1',`iswrap` = '0',`indexvar` = '',`autotype` = '0',`issystem` = '1',`outkey` = '',`outkeyis` = '0',`outkeyid` = '',`outkeyf` = '',`outkeywhere` = '',`searchtype` = '1',`advsearchtype` = '1',`issearch` = '0',`seqNo` = '8',`modelid` = '0' WHERE id=1361