
[ 08-06-09 16:26:09 ]
注意：[8] Undefined offset:  0 ThinkTemplate.class.php 第 560 行.

[ 08-06-09 16:26:18 ]
注意：[8] Undefined variable: date e8a01c49e3bd6881d1526bce80cbcad7.php 第 84 行.

[ 08-06-09 16:26:18 ]
注意：[8] Undefined variable: date e8a01c49e3bd6881d1526bce80cbcad7.php 第 84 行.

[ 08-06-09 16:26:18 ]
注意：[8] Trying to get property of non-object e8a01c49e3bd6881d1526bce80cbcad7.php 第 84 行.

[ 08-06-09 16:26:18 ]
注意：[8] Undefined variable: date e8a01c49e3bd6881d1526bce80cbcad7.php 第 100 行.

[ 08-06-09 16:26:18 ]
注意：[8] Undefined variable: date e8a01c49e3bd6881d1526bce80cbcad7.php 第 100 行.

[ 08-06-09 16:26:18 ]
注意：[8] Trying to get property of non-object e8a01c49e3bd6881d1526bce80cbcad7.php 第 100 行.

[ 08-06-09 16:26:20 ]
注意：[8] Undefined index:  ans StarttestAction.class.php 第 29 行.

[ 08-06-09 16:26:20 ]
注意：[2] Cannot modify header information - headers already sent by (output started at D:\xampp\htdocs\sample_verson\train\Temp\~runtime.php:1) ~runtime.php 第 9 行.

[ 08-06-09 16:26:20 ]
注意：[2] Cannot modify header information - headers already sent by (output started at D:\xampp\htdocs\sample_verson\train\Temp\~runtime.php:1) ~runtime.php 第 9 行.

[ 08-06-09 16:26:20 ]
注意：[2] ini_set() [<a href='ref.outcontrol'>ref.outcontrol</a>]: Cannot change zlib.output_compression - headers already sent ~runtime.php 第 9 行.

[ 08-06-09 16:26:20 ]
注意：[8] Undefined index:  showanswer e5f15978b24b6cb3e61f2820b676f5a7.php 第 117 行.

[ 08-06-09 16:26:20 ]
注意：[8] Undefined index:  showanswer e5f15978b24b6cb3e61f2820b676f5a7.php 第 129 行.

[ 08-06-09 16:27:13 ]
注意：[8] Undefined index:  ans StarttestAction.class.php 第 29 行.

[ 08-06-09 16:27:13 ]
注意：[8] Undefined index:  showanswer e5f15978b24b6cb3e61f2820b676f5a7.php 第 117 行.

[ 08-06-09 16:27:13 ]
注意：[8] Undefined index:  showanswer e5f15978b24b6cb3e61f2820b676f5a7.php 第 129 行.

[ 08-06-09 16:27:18 ]
注意：[8] Undefined index:  ans StarttestAction.class.php 第 29 行.

[ 08-06-09 16:27:18 ]
注意：[8] Undefined index:  showanswer e5f15978b24b6cb3e61f2820b676f5a7.php 第 117 行.

[ 08-06-09 16:27:18 ]
注意：[8] Undefined index:  showanswer e5f15978b24b6cb3e61f2820b676f5a7.php 第 129 行.

[ 08-06-09 16:27:19 ]
注意：[8] Undefined index:  ans StarttestAction.class.php 第 29 行.

[ 08-06-09 16:27:19 ]
注意：[8] Undefined index:  showanswer e5f15978b24b6cb3e61f2820b676f5a7.php 第 117 行.

[ 08-06-09 16:27:19 ]
注意：[8] Undefined index:  showanswer e5f15978b24b6cb3e61f2820b676f5a7.php 第 129 行.

[ 08-06-09 16:27:20 ]
注意：[8] Undefined index:  ans StarttestAction.class.php 第 29 行.

[ 08-06-09 16:27:20 ]
注意：[8] Undefined index:  showanswer e5f15978b24b6cb3e61f2820b676f5a7.php 第 117 行.

[ 08-06-09 16:27:20 ]
注意：[8] Undefined index:  showanswer e5f15978b24b6cb3e61f2820b676f5a7.php 第 129 行.

[ 08-06-09 17:15:18 ]
注意：[8] Undefined index:  ans StarttestAction.class.php 第 29 行.

[ 08-06-09 17:15:18 ]
注意：[8] Undefined index:  showanswer e5f15978b24b6cb3e61f2820b676f5a7.php 第 117 行.

[ 08-06-09 17:15:18 ]
注意：[8] Undefined index:  showanswer e5f15978b24b6cb3e61f2820b676f5a7.php 第 129 行.

[ 08-06-09 17:15:34 ]
注意：[8] Undefined index:  ans StarttestAction.class.php 第 29 行.

[ 08-06-09 17:15:34 ]
注意：[8] Undefined index:  showanswer e5f15978b24b6cb3e61f2820b676f5a7.php 第 117 行.

[ 08-06-09 17:15:34 ]
注意：[8] Undefined index:  showanswer e5f15978b24b6cb3e61f2820b676f5a7.php 第 129 行.

[ 08-06-09 17:15:37 ]
注意：[8] Undefined index:  ans StarttestAction.class.php 第 29 行.

[ 08-06-09 17:15:37 ]
注意：[8] Undefined index:  showanswer e5f15978b24b6cb3e61f2820b676f5a7.php 第 117 行.

[ 08-06-09 17:15:37 ]
注意：[8] Undefined index:  showanswer e5f15978b24b6cb3e61f2820b676f5a7.php 第 129 行.

[ 08-06-09 17:15:40 ]
注意：[8] Undefined index:  ans StarttestAction.class.php 第 29 行.

[ 08-06-09 17:15:40 ]
注意：[8] Undefined index:  showanswer e5f15978b24b6cb3e61f2820b676f5a7.php 第 117 行.

[ 08-06-09 17:15:40 ]
注意：[8] Undefined index:  showanswer e5f15978b24b6cb3e61f2820b676f5a7.php 第 129 行.

[ 08-06-09 17:15:41 ]
注意：[8] Undefined index:  ans StarttestAction.class.php 第 29 行.

[ 08-06-09 17:15:41 ]
注意：[8] Undefined index:  showanswer e5f15978b24b6cb3e61f2820b676f5a7.php 第 117 行.

[ 08-06-09 17:15:41 ]
注意：[8] Undefined index:  showanswer e5f15978b24b6cb3e61f2820b676f5a7.php 第 129 行.

[ 08-06-09 17:15:41 ]
注意：[8] Undefined index:  ans StarttestAction.class.php 第 29 行.

[ 08-06-09 17:15:41 ]
注意：[8] Undefined index:  showanswer e5f15978b24b6cb3e61f2820b676f5a7.php 第 117 行.

[ 08-06-09 17:15:41 ]
注意：[8] Undefined index:  showanswer e5f15978b24b6cb3e61f2820b676f5a7.php 第 129 行.

[ 08-06-09 17:15:42 ]
注意：[8] Undefined index:  ans StarttestAction.class.php 第 29 行.

[ 08-06-09 17:15:42 ]
注意：[8] Undefined index:  showanswer e5f15978b24b6cb3e61f2820b676f5a7.php 第 117 行.

[ 08-06-09 17:15:42 ]
注意：[8] Undefined index:  showanswer e5f15978b24b6cb3e61f2820b676f5a7.php 第 129 行.

[ 08-06-09 17:16:08 ]
注意：[8] Undefined index:  ans StarttestAction.class.php 第 29 行.

[ 08-06-09 17:16:08 ]
注意：[8] Undefined index:  showanswer e5f15978b24b6cb3e61f2820b676f5a7.php 第 117 行.

[ 08-06-09 17:16:08 ]
注意：[8] Undefined index:  showanswer e5f15978b24b6cb3e61f2820b676f5a7.php 第 129 行.

[ 08-06-09 17:16:22 ]
注意：[8] Undefined index:  ans StarttestAction.class.php 第 29 行.

[ 08-06-09 17:16:22 ]
注意：[8] Undefined index:  showanswer e5f15978b24b6cb3e61f2820b676f5a7.php 第 117 行.

[ 08-06-09 17:16:22 ]
注意：[8] Undefined index:  showanswer e5f15978b24b6cb3e61f2820b676f5a7.php 第 129 行.

[ 08-06-09 17:16:23 ]
注意：[8] Undefined index:  ans StarttestAction.class.php 第 29 行.

[ 08-06-09 17:16:23 ]
注意：[8] Undefined index:  showanswer e5f15978b24b6cb3e61f2820b676f5a7.php 第 117 行.

[ 08-06-09 17:16:23 ]
注意：[8] Undefined index:  showanswer e5f15978b24b6cb3e61f2820b676f5a7.php 第 129 行.

[ 08-06-09 17:16:24 ]
注意：[8] Undefined index:  ans StarttestAction.class.php 第 29 行.

[ 08-06-09 17:16:24 ]
注意：[8] Undefined index:  showanswer e5f15978b24b6cb3e61f2820b676f5a7.php 第 117 行.

[ 08-06-09 17:16:24 ]
注意：[8] Undefined index:  showanswer e5f15978b24b6cb3e61f2820b676f5a7.php 第 129 行.

[ 08-06-09 17:16:31 ]
注意：[8] Undefined index:  ans StarttestAction.class.php 第 29 行.

[ 08-06-09 17:16:31 ]
注意：[8] Undefined index:  showanswer e5f15978b24b6cb3e61f2820b676f5a7.php 第 117 行.

[ 08-06-09 17:16:31 ]
注意：[8] Undefined index:  showanswer e5f15978b24b6cb3e61f2820b676f5a7.php 第 129 行.

[ 08-06-09 17:16:42 ]
注意：[8] Undefined index:  ans StarttestAction.class.php 第 29 行.

[ 08-06-09 17:16:42 ]
注意：[8] Undefined index:  showanswer e5f15978b24b6cb3e61f2820b676f5a7.php 第 117 行.

[ 08-06-09 17:16:42 ]
注意：[8] Undefined index:  showanswer e5f15978b24b6cb3e61f2820b676f5a7.php 第 129 行.

[ 08-06-09 17:16:44 ]
注意：[8] Undefined index:  ans StarttestAction.class.php 第 29 行.

[ 08-06-09 17:16:44 ]
注意：[8] Undefined index:  showanswer e5f15978b24b6cb3e61f2820b676f5a7.php 第 117 行.

[ 08-06-09 17:16:44 ]
注意：[8] Undefined index:  showanswer e5f15978b24b6cb3e61f2820b676f5a7.php 第 129 行.

[ 08-06-09 17:16:48 ]
注意：[8] Undefined index:  ans StarttestAction.class.php 第 29 行.

[ 08-06-09 17:16:48 ]
注意：[8] Undefined index:  showanswer e5f15978b24b6cb3e61f2820b676f5a7.php 第 117 行.

[ 08-06-09 17:16:48 ]
注意：[8] Undefined index:  showanswer e5f15978b24b6cb3e61f2820b676f5a7.php 第 129 行.

[ 08-06-09 17:16:49 ]
注意：[8] Undefined index:  ans StarttestAction.class.php 第 29 行.

[ 08-06-09 17:16:49 ]
注意：[8] Undefined index:  showanswer e5f15978b24b6cb3e61f2820b676f5a7.php 第 117 行.

[ 08-06-09 17:16:49 ]
注意：[8] Undefined index:  showanswer e5f15978b24b6cb3e61f2820b676f5a7.php 第 129 行.

[ 08-06-09 17:16:52 ]
注意：[8] Undefined index:  ans StarttestAction.class.php 第 29 行.

[ 08-06-09 17:16:52 ]
注意：[8] Undefined index:  showanswer e5f15978b24b6cb3e61f2820b676f5a7.php 第 117 行.

[ 08-06-09 17:16:52 ]
注意：[8] Undefined index:  showanswer e5f15978b24b6cb3e61f2820b676f5a7.php 第 129 行.

[ 08-06-09 17:16:54 ]
注意：[8] Undefined index:  ans StarttestAction.class.php 第 29 行.

[ 08-06-09 17:16:54 ]
注意：[8] Undefined index:  showanswer e5f15978b24b6cb3e61f2820b676f5a7.php 第 117 行.

[ 08-06-09 17:16:54 ]
注意：[8] Undefined index:  showanswer e5f15978b24b6cb3e61f2820b676f5a7.php 第 129 行.

[ 08-06-09 17:17:23 ]
注意：[8] Undefined index:  ans StarttestAction.class.php 第 29 行.

[ 08-06-09 17:17:23 ]
注意：[8] Undefined index:  showanswer e5f15978b24b6cb3e61f2820b676f5a7.php 第 117 行.

[ 08-06-09 17:17:23 ]
注意：[8] Undefined index:  showanswer e5f15978b24b6cb3e61f2820b676f5a7.php 第 129 行.

[ 08-06-09 17:17:51 ]
注意：[8] Undefined index:  ans StarttestAction.class.php 第 29 行.

[ 08-06-09 17:17:51 ]
注意：[8] Undefined index:  showanswer e5f15978b24b6cb3e61f2820b676f5a7.php 第 117 行.

[ 08-06-09 17:17:51 ]
注意：[8] Undefined index:  showanswer e5f15978b24b6cb3e61f2820b676f5a7.php 第 129 行.

[ 08-06-09 17:19:11 ]
注意：[8] Undefined index:  ans StarttestAction.class.php 第 29 行.

[ 08-06-09 17:19:11 ]
注意：[8] Undefined index:  showanswer e5f15978b24b6cb3e61f2820b676f5a7.php 第 117 行.

[ 08-06-09 17:19:11 ]
注意：[8] Undefined index:  showanswer e5f15978b24b6cb3e61f2820b676f5a7.php 第 129 行.

[ 08-06-09 17:19:13 ]
注意：[8] Undefined index:  ans StarttestAction.class.php 第 29 行.

[ 08-06-09 17:19:13 ]
注意：[8] Undefined index:  showanswer e5f15978b24b6cb3e61f2820b676f5a7.php 第 117 行.

[ 08-06-09 17:19:13 ]
注意：[8] Undefined index:  showanswer e5f15978b24b6cb3e61f2820b676f5a7.php 第 129 行.

[ 08-06-09 17:19:16 ]
注意：[8] Undefined index:  ans StarttestAction.class.php 第 29 行.

[ 08-06-09 17:19:16 ]
注意：[8] Undefined index:  showanswer e5f15978b24b6cb3e61f2820b676f5a7.php 第 117 行.

[ 08-06-09 17:19:16 ]
注意：[8] Undefined index:  showanswer e5f15978b24b6cb3e61f2820b676f5a7.php 第 129 行.

[ 08-06-09 17:19:17 ]
注意：[8] Undefined index:  ans StarttestAction.class.php 第 29 行.

[ 08-06-09 17:19:17 ]
注意：[8] Undefined index:  showanswer e5f15978b24b6cb3e61f2820b676f5a7.php 第 117 行.

[ 08-06-09 17:19:17 ]
注意：[8] Undefined index:  showanswer e5f15978b24b6cb3e61f2820b676f5a7.php 第 129 行.

[ 08-06-09 17:19:26 ]
注意：[8] Undefined index:  ans StarttestAction.class.php 第 29 行.

[ 08-06-09 17:19:26 ]
注意：[8] Undefined index:  showanswer e5f15978b24b6cb3e61f2820b676f5a7.php 第 117 行.

[ 08-06-09 17:19:26 ]
注意：[8] Undefined index:  showanswer e5f15978b24b6cb3e61f2820b676f5a7.php 第 129 行.

[ 08-06-09 17:27:27 ]
注意：[8] Undefined index:  ans StarttestAction.class.php 第 29 行.

[ 08-06-09 17:27:27 ]
注意：[8] Undefined index:  showanswer e5f15978b24b6cb3e61f2820b676f5a7.php 第 117 行.

[ 08-06-09 17:27:27 ]
注意：[8] Undefined index:  showanswer e5f15978b24b6cb3e61f2820b676f5a7.php 第 129 行.

[ 08-06-09 17:27:41 ]
注意：[8] Undefined index:  ans StarttestAction.class.php 第 29 行.

[ 08-06-09 17:27:41 ]
注意：[8] Undefined index:  showanswer e5f15978b24b6cb3e61f2820b676f5a7.php 第 117 行.

[ 08-06-09 17:27:41 ]
注意：[8] Undefined index:  showanswer e5f15978b24b6cb3e61f2820b676f5a7.php 第 129 行.

[ 08-06-09 17:27:43 ]
注意：[8] Undefined index:  ans StarttestAction.class.php 第 29 行.

[ 08-06-09 17:27:43 ]
注意：[8] Undefined index:  showanswer e5f15978b24b6cb3e61f2820b676f5a7.php 第 117 行.

[ 08-06-09 17:27:43 ]
注意：[8] Undefined index:  showanswer e5f15978b24b6cb3e61f2820b676f5a7.php 第 129 行.

[ 08-06-09 17:27:44 ]
注意：[8] Undefined index:  ans StarttestAction.class.php 第 29 行.

[ 08-06-09 17:27:44 ]
注意：[8] Undefined index:  showanswer e5f15978b24b6cb3e61f2820b676f5a7.php 第 117 行.

[ 08-06-09 17:27:44 ]
注意：[8] Undefined index:  showanswer e5f15978b24b6cb3e61f2820b676f5a7.php 第 129 行.

[ 08-06-09 17:27:46 ]
注意：[8] Undefined index:  ans StarttestAction.class.php 第 29 行.

[ 08-06-09 17:27:46 ]
注意：[8] Undefined index:  showanswer e5f15978b24b6cb3e61f2820b676f5a7.php 第 117 行.

[ 08-06-09 17:27:46 ]
注意：[8] Undefined index:  showanswer e5f15978b24b6cb3e61f2820b676f5a7.php 第 129 行.

[ 08-06-09 17:27:47 ]
注意：[8] Undefined index:  ans StarttestAction.class.php 第 29 行.

[ 08-06-09 17:27:47 ]
注意：[8] Undefined index:  showanswer e5f15978b24b6cb3e61f2820b676f5a7.php 第 117 行.

[ 08-06-09 17:27:47 ]
注意：[8] Undefined index:  showanswer e5f15978b24b6cb3e61f2820b676f5a7.php 第 129 行.

[ 08-06-09 17:27:49 ]
注意：[8] Undefined index:  ans StarttestAction.class.php 第 29 行.

[ 08-06-09 17:27:49 ]
注意：[8] Undefined index:  showanswer e5f15978b24b6cb3e61f2820b676f5a7.php 第 117 行.

[ 08-06-09 17:27:49 ]
注意：[8] Undefined index:  showanswer e5f15978b24b6cb3e61f2820b676f5a7.php 第 129 行.

[ 08-06-09 17:27:51 ]
注意：[8] Undefined index:  ans StarttestAction.class.php 第 29 行.

[ 08-06-09 17:27:51 ]
注意：[8] Undefined index:  showanswer e5f15978b24b6cb3e61f2820b676f5a7.php 第 117 行.

[ 08-06-09 17:27:51 ]
注意：[8] Undefined index:  showanswer e5f15978b24b6cb3e61f2820b676f5a7.php 第 129 行.

[ 08-06-09 17:27:52 ]
注意：[8] Undefined index:  ans StarttestAction.class.php 第 29 行.

[ 08-06-09 17:27:52 ]
注意：[8] Undefined index:  showanswer e5f15978b24b6cb3e61f2820b676f5a7.php 第 117 行.

[ 08-06-09 17:27:52 ]
注意：[8] Undefined index:  showanswer e5f15978b24b6cb3e61f2820b676f5a7.php 第 129 行.

[ 08-06-09 17:29:29 ]
注意：[8] Undefined index:  id ~runtime.php 第 9 行.

[ 08-06-09 17:31:39 ]
注意：[8] Undefined index:  ans StarttestAction.class.php 第 29 行.

[ 08-06-09 17:31:39 ]
注意：[8] Undefined index:  showanswer e5f15978b24b6cb3e61f2820b676f5a7.php 第 117 行.

[ 08-06-09 17:31:39 ]
注意：[8] Undefined index:  showanswer e5f15978b24b6cb3e61f2820b676f5a7.php 第 129 行.

[ 08-06-09 17:31:42 ]
注意：[8] Undefined index:  id ~runtime.php 第 9 行.

[ 08-06-09 17:31:44 ]
注意：[8] Undefined index:  id ~runtime.php 第 9 行.

[ 08-06-09 17:31:46 ]
注意：[8] Undefined index:  id ~runtime.php 第 9 行.

[ 08-06-09 17:31:48 ]
注意：[8] Undefined index:  id ~runtime.php 第 9 行.

[ 08-06-09 17:35:26 ]
注意：[8] Undefined index:  ans StarttestAction.class.php 第 29 行.

[ 08-06-09 17:35:26 ]
注意：[8] Undefined index:  showanswer e5f15978b24b6cb3e61f2820b676f5a7.php 第 134 行.

[ 08-06-09 17:35:26 ]
注意：[8] Undefined index:  showanswer e5f15978b24b6cb3e61f2820b676f5a7.php 第 146 行.

[ 08-06-09 17:35:52 ]
注意：[8] Undefined index:  id ~runtime.php 第 9 行.

[ 08-06-09 17:36:30 ]
注意：[8] Undefined index:  ans StarttestAction.class.php 第 29 行.

[ 08-06-09 17:36:30 ]
注意：[8] Undefined index:  showanswer e5f15978b24b6cb3e61f2820b676f5a7.php 第 134 行.

[ 08-06-09 17:36:30 ]
注意：[8] Undefined index:  showanswer e5f15978b24b6cb3e61f2820b676f5a7.php 第 146 行.

[ 08-06-09 17:36:32 ]
注意：[8] Undefined index:  ans StarttestAction.class.php 第 29 行.

[ 08-06-09 17:36:32 ]
注意：[8] Undefined index:  showanswer e5f15978b24b6cb3e61f2820b676f5a7.php 第 134 行.

[ 08-06-09 17:36:32 ]
注意：[8] Undefined index:  showanswer e5f15978b24b6cb3e61f2820b676f5a7.php 第 146 行.

[ 08-06-09 17:36:37 ]
注意：[8] Undefined index:  ans StarttestAction.class.php 第 29 行.

[ 08-06-09 17:36:37 ]
注意：[8] Undefined index:  showanswer e5f15978b24b6cb3e61f2820b676f5a7.php 第 134 行.

[ 08-06-09 17:36:37 ]
注意：[8] Undefined index:  showanswer e5f15978b24b6cb3e61f2820b676f5a7.php 第 146 行.

[ 08-06-09 17:36:42 ]
注意：[8] Undefined index:  ans StarttestAction.class.php 第 29 行.

[ 08-06-09 17:36:42 ]
注意：[8] Undefined index:  showanswer e5f15978b24b6cb3e61f2820b676f5a7.php 第 134 行.

[ 08-06-09 17:36:42 ]
注意：[8] Undefined index:  showanswer e5f15978b24b6cb3e61f2820b676f5a7.php 第 146 行.

[ 08-06-09 17:36:43 ]
注意：[8] Undefined index:  ans StarttestAction.class.php 第 29 行.

[ 08-06-09 17:36:43 ]
注意：[8] Undefined index:  showanswer e5f15978b24b6cb3e61f2820b676f5a7.php 第 134 行.

[ 08-06-09 17:36:43 ]
注意：[8] Undefined index:  showanswer e5f15978b24b6cb3e61f2820b676f5a7.php 第 146 行.

[ 08-06-09 17:36:44 ]
注意：[8] Undefined index:  id ~runtime.php 第 9 行.

[ 08-06-09 17:36:47 ]
注意：[8] Undefined index:  id ~runtime.php 第 9 行.

[ 08-06-09 20:53:55 ]
注意：[8] Undefined index:  id ~runtime.php 第 9 行.

[ 08-06-09 20:53:58 ]
注意：[8] Undefined index:  id ~runtime.php 第 9 行.

[ 08-06-09 20:54:01 ]
注意：[8] Undefined index:  ans StarttestAction.class.php 第 29 行.

[ 08-06-09 20:54:01 ]
注意：[8] Undefined index:  showanswer e5f15978b24b6cb3e61f2820b676f5a7.php 第 134 行.

[ 08-06-09 20:54:01 ]
注意：[8] Undefined index:  showanswer e5f15978b24b6cb3e61f2820b676f5a7.php 第 146 行.

[ 08-06-09 20:54:19 ]
注意：[8] Undefined index:  ans StarttestAction.class.php 第 29 行.

[ 08-06-09 20:54:19 ]
注意：[8] Trying to get property of non-object e5f15978b24b6cb3e61f2820b676f5a7.php 第 101 行.

[ 08-06-09 20:54:19 ]
注意：[8] Trying to get property of non-object e5f15978b24b6cb3e61f2820b676f5a7.php 第 121 行.

[ 08-06-09 20:54:19 ]
注意：[8] Trying to get property of non-object e5f15978b24b6cb3e61f2820b676f5a7.php 第 122 行.

[ 08-06-09 20:54:19 ]
注意：[8] Trying to get property of non-object e5f15978b24b6cb3e61f2820b676f5a7.php 第 123 行.

[ 08-06-09 20:54:19 ]
注意：[8] Trying to get property of non-object e5f15978b24b6cb3e61f2820b676f5a7.php 第 124 行.

[ 08-06-09 20:54:19 ]
注意：[8] Trying to get property of non-object e5f15978b24b6cb3e61f2820b676f5a7.php 第 127 行.

[ 08-06-09 20:54:19 ]
注意：[8] Trying to get property of non-object e5f15978b24b6cb3e61f2820b676f5a7.php 第 128 行.

[ 08-06-09 20:54:19 ]
注意：[8] Undefined index:  showanswer e5f15978b24b6cb3e61f2820b676f5a7.php 第 134 行.

[ 08-06-09 20:54:19 ]
注意：[8] Trying to get property of non-object e5f15978b24b6cb3e61f2820b676f5a7.php 第 139 行.

[ 08-06-09 20:54:19 ]
注意：[8] Trying to get property of non-object e5f15978b24b6cb3e61f2820b676f5a7.php 第 140 行.

[ 08-06-09 20:54:19 ]
注意：[8] Undefined index:  showanswer e5f15978b24b6cb3e61f2820b676f5a7.php 第 146 行.

[ 08-06-09 20:54:29 ]
注意：[8] Undefined index:  ans StarttestAction.class.php 第 29 行.

[ 08-06-09 20:54:29 ]
注意：[8] Undefined index:  showanswer e5f15978b24b6cb3e61f2820b676f5a7.php 第 134 行.

[ 08-06-09 20:54:29 ]
注意：[8] Undefined index:  showanswer e5f15978b24b6cb3e61f2820b676f5a7.php 第 146 行.

[ 08-06-09 20:54:30 ]
注意：[8] Undefined index:  ans StarttestAction.class.php 第 29 行.

[ 08-06-09 20:54:30 ]
注意：[8] Undefined index:  showanswer e5f15978b24b6cb3e61f2820b676f5a7.php 第 134 行.

[ 08-06-09 20:54:30 ]
注意：[8] Undefined index:  showanswer e5f15978b24b6cb3e61f2820b676f5a7.php 第 146 行.

[ 08-06-09 20:54:31 ]
注意：[8] Undefined index:  ans StarttestAction.class.php 第 29 行.

[ 08-06-09 20:54:31 ]
注意：[8] Undefined index:  showanswer e5f15978b24b6cb3e61f2820b676f5a7.php 第 134 行.

[ 08-06-09 20:54:31 ]
注意：[8] Undefined index:  showanswer e5f15978b24b6cb3e61f2820b676f5a7.php 第 146 行.

[ 08-06-09 20:54:32 ]
注意：[8] Undefined index:  ans StarttestAction.class.php 第 29 行.

[ 08-06-09 20:54:32 ]
注意：[8] Undefined index:  showanswer e5f15978b24b6cb3e61f2820b676f5a7.php 第 134 行.

[ 08-06-09 20:54:32 ]
注意：[8] Undefined index:  showanswer e5f15978b24b6cb3e61f2820b676f5a7.php 第 146 行.

[ 08-06-09 20:54:33 ]
注意：[8] Undefined index:  ans StarttestAction.class.php 第 29 行.

[ 08-06-09 20:54:33 ]
注意：[8] Undefined index:  showanswer e5f15978b24b6cb3e61f2820b676f5a7.php 第 134 行.

[ 08-06-09 20:54:33 ]
注意：[8] Undefined index:  showanswer e5f15978b24b6cb3e61f2820b676f5a7.php 第 146 行.

[ 08-06-09 20:54:34 ]
注意：[8] Undefined index:  ans StarttestAction.class.php 第 29 行.

[ 08-06-09 20:54:34 ]
注意：[8] Undefined index:  showanswer e5f15978b24b6cb3e61f2820b676f5a7.php 第 134 行.

[ 08-06-09 20:54:34 ]
注意：[8] Undefined index:  showanswer e5f15978b24b6cb3e61f2820b676f5a7.php 第 146 行.

[ 08-06-09 20:54:35 ]
注意：[8] Undefined index:  ans StarttestAction.class.php 第 29 行.

[ 08-06-09 20:54:35 ]
注意：[8] Undefined index:  showanswer e5f15978b24b6cb3e61f2820b676f5a7.php 第 134 行.

[ 08-06-09 20:54:35 ]
注意：[8] Undefined index:  showanswer e5f15978b24b6cb3e61f2820b676f5a7.php 第 146 行.

[ 08-06-09 20:54:35 ]
注意：[8] Undefined index:  ans StarttestAction.class.php 第 29 行.

[ 08-06-09 20:54:35 ]
注意：[8] Undefined index:  showanswer e5f15978b24b6cb3e61f2820b676f5a7.php 第 134 行.

[ 08-06-09 20:54:35 ]
注意：[8] Undefined index:  showanswer e5f15978b24b6cb3e61f2820b676f5a7.php 第 146 行.

[ 08-06-09 20:54:36 ]
注意：[8] Undefined index:  ans StarttestAction.class.php 第 29 行.

[ 08-06-09 20:54:36 ]
注意：[8] Undefined index:  showanswer e5f15978b24b6cb3e61f2820b676f5a7.php 第 134 行.

[ 08-06-09 20:54:36 ]
注意：[8] Undefined index:  showanswer e5f15978b24b6cb3e61f2820b676f5a7.php 第 146 行.

[ 08-06-09 20:54:41 ]
注意：[8] Undefined index:  id ~runtime.php 第 9 行.

[ 08-06-09 20:54:44 ]
注意：[8] Undefined index:  id ~runtime.php 第 9 行.

[ 08-06-09 20:54:54 ]
注意：[8] Undefined index:  ans StarttestAction.class.php 第 29 行.

[ 08-06-09 20:54:54 ]
注意：[8] Undefined index:  showanswer e5f15978b24b6cb3e61f2820b676f5a7.php 第 134 行.

[ 08-06-09 20:54:54 ]
注意：[8] Undefined index:  showanswer e5f15978b24b6cb3e61f2820b676f5a7.php 第 146 行.

[ 08-06-09 20:54:56 ]
注意：[8] Undefined index:  ans StarttestAction.class.php 第 29 行.

[ 08-06-09 20:54:56 ]
注意：[8] Undefined index:  showanswer e5f15978b24b6cb3e61f2820b676f5a7.php 第 134 行.

[ 08-06-09 20:54:56 ]
注意：[8] Undefined index:  showanswer e5f15978b24b6cb3e61f2820b676f5a7.php 第 146 行.

[ 08-06-09 20:54:57 ]
注意：[8] Undefined index:  ans StarttestAction.class.php 第 29 行.

[ 08-06-09 20:54:57 ]
注意：[8] Undefined index:  showanswer e5f15978b24b6cb3e61f2820b676f5a7.php 第 134 行.

[ 08-06-09 20:54:57 ]
注意：[8] Undefined index:  showanswer e5f15978b24b6cb3e61f2820b676f5a7.php 第 146 行.

[ 08-06-09 20:54:57 ]
注意：[8] Undefined index:  ans StarttestAction.class.php 第 29 行.

[ 08-06-09 20:54:57 ]
注意：[8] Undefined index:  showanswer e5f15978b24b6cb3e61f2820b676f5a7.php 第 134 行.

[ 08-06-09 20:54:57 ]
注意：[8] Undefined index:  showanswer e5f15978b24b6cb3e61f2820b676f5a7.php 第 146 行.

[ 08-06-09 20:54:59 ]
注意：[8] Undefined index:  ans StarttestAction.class.php 第 29 行.

[ 08-06-09 20:54:59 ]
注意：[8] Undefined index:  showanswer e5f15978b24b6cb3e61f2820b676f5a7.php 第 134 行.

[ 08-06-09 20:54:59 ]
注意：[8] Undefined index:  showanswer e5f15978b24b6cb3e61f2820b676f5a7.php 第 146 行.

[ 08-06-09 20:55:00 ]
注意：[8] Undefined index:  ans StarttestAction.class.php 第 29 行.

[ 08-06-09 20:55:00 ]
注意：[8] Undefined index:  showanswer e5f15978b24b6cb3e61f2820b676f5a7.php 第 134 行.

[ 08-06-09 20:55:00 ]
注意：[8] Undefined index:  showanswer e5f15978b24b6cb3e61f2820b676f5a7.php 第 146 行.
