
[ 08-06-06 11:21:50 ]
 RunTime:0.000809s SQL = INSERT INTO tp_sys_tables (`caption`,`title`,`seqNo`,`edittype`,`ismodel`,`datemodelid`,`list`,`view`,`add`,`del`,`edit`,`search`,`searchtype`,`isaction`,`pid`) VALUES ('FAQ系统','faq','','1','0','261','1','1','1','1','1','1','1','1','26')
[ 08-06-06 11:25:06 ]
 RunTime:0.000554s SQL = SELECT * FROM tp_sys_fields WHERE id='1885'
[ 08-06-06 11:25:06 ]
 RunTime:0.000394s SQL = UPDATE tp_sys_fields SET `pid` = '397',`name` = 'title',`caption` = '标题',`islist` = '1',`fieldtype` = '1',`fieldlenght` = '',`request` = '0',`validate` = '1',`validate_tex` = '',`validate_reg` = '',`viewtype` = '1',`edittype` = '1',`addtype` = '1',`islistwidth` = '',`islistviewtype` = '1',`iswrap` = '1',`indexvar` = '',`autotype` = '0',`issystem` = '1',`outkey` = '',`outkeyis` = '0',`outkeyid` = '',`outkeyf` = '',`outkeywhere` = '',`searchtype` = '1',`advsearchtype` = '1',`issearch` = '1',`seqNo` = '0',`modelid` = '0' WHERE id=1885
[ 08-06-06 11:25:06 ]
 RunTime:0.000509s SQL = SELECT * FROM tp_sys_fields WHERE id='1886'
[ 08-06-06 11:25:06 ]
 RunTime:0.000399s SQL = UPDATE tp_sys_fields SET `pid` = '397',`name` = 'content',`caption` = '回答',`islist` = '1',`fieldtype` = '3',`fieldlenght` = '',`request` = '1',`validate` = '1',`validate_tex` = '',`validate_reg` = '',`viewtype` = '10',`edittype` = '9',`addtype` = '1',`islistwidth` = '',`islistviewtype` = '1',`iswrap` = '1',`indexvar` = '',`autotype` = '0',`issystem` = '1',`outkey` = '',`outkeyis` = '0',`outkeyid` = '',`outkeyf` = '',`outkeywhere` = '',`searchtype` = '1',`advsearchtype` = '1',`issearch` = '1',`seqNo` = '0',`modelid` = '0' WHERE id=1886
[ 08-06-06 11:25:06 ]
 RunTime:0.000456s SQL = SELECT * FROM tp_sys_fields WHERE id='1887'
[ 08-06-06 11:25:06 ]
 RunTime:0.000321s SQL = UPDATE tp_sys_fields SET `pid` = '397',`name` = 'pid',`caption` = '分类',`islist` = '1',`fieldtype` = '2',`fieldlenght` = '',`request` = '1',`validate` = '1',`validate_tex` = '',`validate_reg` = '',`viewtype` = '9',`edittype` = '2',`addtype` = '1',`islistwidth` = '',`islistviewtype` = '1',`iswrap` = '1',`indexvar` = '',`autotype` = '0',`issystem` = '1',`outkey` = 'faqtype',`outkeyis` = '0',`outkeyid` = 'id',`outkeyf` = 'title',`outkeywhere` = '',`searchtype` = '1',`advsearchtype` = '1',`issearch` = '1',`seqNo` = '0',`modelid` = '0' WHERE id=1887
[ 08-06-06 11:25:27 ]
 RunTime:0.000499s SQL = SELECT * FROM tp_sys_fields WHERE id='1885'
[ 08-06-06 11:25:27 ]
 RunTime:0.000298s SQL = UPDATE tp_sys_fields SET `pid` = '397',`name` = 'title',`caption` = '标题',`islist` = '1',`fieldtype` = '1',`fieldlenght` = '0',`request` = '0',`validate` = '1',`validate_tex` = '',`validate_reg` = '',`viewtype` = '1',`edittype` = '1',`addtype` = '1',`islistwidth` = '',`islistviewtype` = '1',`iswrap` = '1',`indexvar` = '',`autotype` = '0',`issystem` = '1',`outkey` = '',`outkeyis` = '0',`outkeyid` = '',`outkeyf` = '',`outkeywhere` = '',`searchtype` = '1',`advsearchtype` = '1',`issearch` = '1',`seqNo` = '0',`modelid` = '0' WHERE id=1885
[ 08-06-06 11:25:27 ]
 RunTime:0.000361s SQL = SELECT * FROM tp_sys_fields WHERE id='1886'
[ 08-06-06 11:25:27 ]
 RunTime:0.000300s SQL = UPDATE tp_sys_fields SET `pid` = '397',`name` = 'content',`caption` = '回答',`islist` = '0',`fieldtype` = '3',`fieldlenght` = '0',`request` = '1',`validate` = '1',`validate_tex` = '',`validate_reg` = '',`viewtype` = '10',`edittype` = '9',`addtype` = '1',`islistwidth` = '',`islistviewtype` = '1',`iswrap` = '1',`indexvar` = '',`autotype` = '0',`issystem` = '1',`outkey` = '',`outkeyis` = '0',`outkeyid` = '',`outkeyf` = '',`outkeywhere` = '',`searchtype` = '1',`advsearchtype` = '1',`issearch` = '1',`seqNo` = '0',`modelid` = '0' WHERE id=1886
[ 08-06-06 11:25:27 ]
 RunTime:0.000453s SQL = SELECT * FROM tp_sys_fields WHERE id='1887'
[ 08-06-06 11:25:27 ]
 RunTime:0.000338s SQL = UPDATE tp_sys_fields SET `pid` = '397',`name` = 'pid',`caption` = '分类',`islist` = '1',`fieldtype` = '2',`fieldlenght` = '0',`request` = '1',`validate` = '1',`validate_tex` = '',`validate_reg` = '',`viewtype` = '9',`edittype` = '2',`addtype` = '1',`islistwidth` = '',`islistviewtype` = '1',`iswrap` = '1',`indexvar` = '',`autotype` = '0',`issystem` = '1',`outkey` = 'faqtype',`outkeyis` = '0',`outkeyid` = 'id',`outkeyf` = 'title',`outkeywhere` = '',`searchtype` = '1',`advsearchtype` = '1',`issearch` = '1',`seqNo` = '0',`modelid` = '0' WHERE id=1887
[ 08-06-06 11:25:40 ]
 RunTime:0.000485s SQL = SELECT * FROM tp_sys_fields WHERE id='1885'
[ 08-06-06 11:25:40 ]
 RunTime:0.000331s SQL = UPDATE tp_sys_fields SET `pid` = '397',`name` = 'title',`caption` = '标题',`islist` = '1',`fieldtype` = '1',`fieldlenght` = '0',`request` = '1',`validate` = '1',`validate_tex` = '',`validate_reg` = '',`viewtype` = '1',`edittype` = '1',`addtype` = '1',`islistwidth` = '',`islistviewtype` = '1',`iswrap` = '1',`indexvar` = '',`autotype` = '0',`issystem` = '1',`outkey` = '',`outkeyis` = '0',`outkeyid` = '',`outkeyf` = '',`outkeywhere` = '',`searchtype` = '1',`advsearchtype` = '1',`issearch` = '1',`seqNo` = '0',`modelid` = '0' WHERE id=1885
[ 08-06-06 11:25:40 ]
 RunTime:0.000380s SQL = SELECT * FROM tp_sys_fields WHERE id='1886'
[ 08-06-06 11:25:40 ]
 RunTime:0.000271s SQL = UPDATE tp_sys_fields SET `pid` = '397',`name` = 'content',`caption` = '回答',`islist` = '0',`fieldtype` = '3',`fieldlenght` = '0',`request` = '1',`validate` = '1',`validate_tex` = '',`validate_reg` = '',`viewtype` = '10',`edittype` = '9',`addtype` = '1',`islistwidth` = '',`islistviewtype` = '1',`iswrap` = '1',`indexvar` = '',`autotype` = '0',`issystem` = '1',`outkey` = '',`outkeyis` = '0',`outkeyid` = '',`outkeyf` = '',`outkeywhere` = '',`searchtype` = '1',`advsearchtype` = '1',`issearch` = '1',`seqNo` = '0',`modelid` = '0' WHERE id=1886
[ 08-06-06 11:25:40 ]
 RunTime:0.000367s SQL = SELECT * FROM tp_sys_fields WHERE id='1887'
[ 08-06-06 11:25:40 ]
 RunTime:0.000247s SQL = UPDATE tp_sys_fields SET `pid` = '397',`name` = 'pid',`caption` = '分类',`islist` = '1',`fieldtype` = '2',`fieldlenght` = '0',`request` = '1',`validate` = '1',`validate_tex` = '',`validate_reg` = '',`viewtype` = '9',`edittype` = '2',`addtype` = '1',`islistwidth` = '',`islistviewtype` = '1',`iswrap` = '1',`indexvar` = '',`autotype` = '0',`issystem` = '1',`outkey` = 'faqtype',`outkeyis` = '0',`outkeyid` = 'id',`outkeyf` = 'title',`outkeywhere` = '',`searchtype` = '1',`advsearchtype` = '1',`issearch` = '1',`seqNo` = '0',`modelid` = '0' WHERE id=1887
[ 08-06-06 11:26:29 ]
 RunTime:0.000515s SQL = SELECT * FROM tp_sys_fields WHERE id='1885'
[ 08-06-06 11:26:29 ]
 RunTime:0.000375s SQL = UPDATE tp_sys_fields SET `pid` = '397',`name` = 'title',`caption` = '标题',`islist` = '1',`fieldtype` = '1',`fieldlenght` = '0',`request` = '1',`validate` = '1',`validate_tex` = '',`validate_reg` = '',`viewtype` = '1',`edittype` = '1',`addtype` = '1',`islistwidth` = '',`islistviewtype` = '1',`iswrap` = '1',`indexvar` = '',`autotype` = '0',`issystem` = '1',`outkey` = '',`outkeyis` = '0',`outkeyid` = '',`outkeyf` = '',`outkeywhere` = '',`searchtype` = '1',`advsearchtype` = '1',`issearch` = '1',`seqNo` = '0',`modelid` = '0' WHERE id=1885
[ 08-06-06 11:26:29 ]
 RunTime:0.000408s SQL = SELECT * FROM tp_sys_fields WHERE id='1886'
[ 08-06-06 11:26:29 ]
 RunTime:0.000396s SQL = UPDATE tp_sys_fields SET `pid` = '397',`name` = 'content',`caption` = '回答',`islist` = '0',`fieldtype` = '3',`fieldlenght` = '0',`request` = '1',`validate` = '1',`validate_tex` = '',`validate_reg` = '',`viewtype` = '10',`edittype` = '9',`addtype` = '1',`islistwidth` = '',`islistviewtype` = '1',`iswrap` = '1',`indexvar` = '',`autotype` = '0',`issystem` = '1',`outkey` = '',`outkeyis` = '0',`outkeyid` = '',`outkeyf` = '',`outkeywhere` = '',`searchtype` = '1',`advsearchtype` = '1',`issearch` = '1',`seqNo` = '0',`modelid` = '0' WHERE id=1886
[ 08-06-06 11:26:29 ]
 RunTime:0.000415s SQL = SELECT * FROM tp_sys_fields WHERE id='1887'
[ 08-06-06 11:26:29 ]
 RunTime:0.000289s SQL = UPDATE tp_sys_fields SET `pid` = '397',`name` = 'pid',`caption` = '分类',`islist` = '1',`fieldtype` = '2',`fieldlenght` = '0',`request` = '1',`validate` = '1',`validate_tex` = '',`validate_reg` = '',`viewtype` = '9',`edittype` = '2',`addtype` = '1',`islistwidth` = '',`islistviewtype` = '1',`iswrap` = '1',`indexvar` = '',`autotype` = '0',`issystem` = '1',`outkey` = 'faqtype',`outkeyis` = '0',`outkeyid` = 'id',`outkeyf` = 'title_cn',`outkeywhere` = '',`searchtype` = '1',`advsearchtype` = '1',`issearch` = '1',`seqNo` = '0',`modelid` = '0' WHERE id=1887
[ 08-06-06 11:27:21 ]
 RunTime:0.000563s SQL = UPDATE tp_sys_tables SET `caption` = 'FAQ分类管理',`title` = 'faqtype',`searchtype` = '1',`edittype` = '1',`ismodel` = '0',`datemodelid` = '261',`add` = '1',`del` = '1',`search` = '1',`edit` = '1',`isaction` = '1' WHERE id=398
[ 08-06-06 11:28:22 ]
 RunTime:0.000609s SQL = SELECT * FROM tp_sys_projects WHERE id='1'
[ 08-06-06 11:28:22 ]
 RunTime:0.000300s SQL = UPDATE tp_sys_projects SET `dbname` = 'crmv2',`caption` = 'CRM第二版',`proname` = 'crm2',`dbuser` = 'root',`tbpre` = 'crm_',`dbpassword` = '123456',`seqNo` = '0',`ison` = '1',`think_pach` = '../ThinkPHP',`isaction` = '0' WHERE id=1
[ 08-06-06 11:28:22 ]
 RunTime:0.000312s SQL = SELECT * FROM tp_sys_projects WHERE id='8'
[ 08-06-06 11:28:22 ]
 RunTime:0.000249s SQL = UPDATE tp_sys_projects SET `dbname` = 'pershow',`caption` = '个人网站',`proname` = 'pershow',`dbuser` = 'root',`tbpre` = 'lp_',`dbpassword` = '123456',`seqNo` = '0',`ison` = '1',`think_pach` = '../ThinkPHP',`isaction` = '0' WHERE id=8
[ 08-06-06 11:28:22 ]
 RunTime:0.000274s SQL = SELECT * FROM tp_sys_projects WHERE id='21'
[ 08-06-06 11:28:22 ]
 RunTime:0.000223s SQL = UPDATE tp_sys_projects SET `dbname` = 'wooderp',`caption` = '木工厂ERP',`proname` = 'erp',`dbuser` = 'root',`tbpre` = 'erp_',`dbpassword` = '123456',`seqNo` = '0',`ison` = '1',`think_pach` = '../ThinkPHP',`isaction` = '1' WHERE id=21
[ 08-06-06 11:28:22 ]
 RunTime:0.000267s SQL = SELECT * FROM tp_sys_projects WHERE id='20'
[ 08-06-06 11:28:22 ]
 RunTime:0.000222s SQL = UPDATE tp_sys_projects SET `dbname` = 'ns_website',`caption` = 'NS网站新版',`proname` = 'website',`dbuser` = 'root',`tbpre` = 'web_',`dbpassword` = '123456',`seqNo` = '0',`ison` = '1',`think_pach` = '../ThinkPHP',`isaction` = '1' WHERE id=20
[ 08-06-06 11:28:22 ]
 RunTime:0.000275s SQL = SELECT * FROM tp_sys_projects WHERE id='26'
[ 08-06-06 11:28:22 ]
 RunTime:0.000277s SQL = UPDATE tp_sys_projects SET `dbname` = 'ns_demo',`caption` = 'demo',`proname` = 'demo',`dbuser` = 'root',`tbpre` = 'web_',`dbpassword` = '123456',`seqNo` = '0',`ison` = '1',`think_pach` = '../ThinkPHP',`isaction` = '1' WHERE id=26
[ 08-06-06 11:28:22 ]
 RunTime:0.000276s SQL = SELECT * FROM tp_sys_projects WHERE id='37'
[ 08-06-06 11:28:22 ]
 RunTime:0.000348s SQL = UPDATE tp_sys_projects SET `dbname` = 'traindb',`caption` = '汽车培训',`proname` = 'train',`dbuser` = 'root',`tbpre` = 'lee99_',`dbpassword` = '123456',`seqNo` = '0',`think_pach` = '../ThinkPHP',`isaction` = '1' WHERE id=37
[ 08-06-06 11:29:21 ]
 RunTime:0.000423s SQL = UPDATE tp_sys_tables SET `caption` = '发布语言分类',`title` = 'lang',`searchtype` = '1',`edittype` = '1',`ismodel` = '0',`datemodelid` = '261',`add` = '1',`del` = '1',`search` = '1',`edit` = '1',`seqNo` = '0',`isaction` = '1' WHERE id=277
[ 08-06-06 11:29:21 ]
 RunTime:0.000251s SQL = UPDATE tp_sys_tables SET `caption` = '行业分类',`title` = 'calling',`searchtype` = '1',`edittype` = '1',`ismodel` = '0',`datemodelid` = '261',`add` = '1',`del` = '1',`search` = '1',`edit` = '1',`seqNo` = '0',`isaction` = '1' WHERE id=270
[ 08-06-06 11:29:21 ]
 RunTime:0.000245s SQL = UPDATE tp_sys_tables SET `caption` = '客户列表',`title` = 'nsclient',`searchtype` = '1',`edittype` = '1',`ismodel` = '0',`datemodelid` = '261',`add` = '1',`del` = '1',`search` = '1',`edit` = '1',`seqNo` = '0',`isaction` = '1' WHERE id=267
[ 08-06-06 11:29:21 ]
 RunTime:0.000618s SQL = UPDATE tp_sys_tables SET `caption` = '公司部门管理',`title` = 'dept',`searchtype` = '1',`edittype` = '1',`ismodel` = '0',`datemodelid` = '261',`add` = '1',`del` = '1',`search` = '1',`edit` = '1',`seqNo` = '0',`isaction` = '0' WHERE id=266
[ 08-06-06 11:29:21 ]
 RunTime:0.000255s SQL = UPDATE tp_sys_tables SET `caption` = '树状菜单',`title` = 'tree',`searchtype` = '1',`edittype` = '1',`ismodel` = '0',`datemodelid` = '261',`add` = '1',`del` = '1',`search` = '1',`edit` = '1',`seqNo` = '0',`isaction` = '0' WHERE id=265
[ 08-06-06 11:29:21 ]
 RunTime:0.000199s SQL = UPDATE tp_sys_tables SET `caption` = 'NSweb公共',`title` = 'WEBpub',`searchtype` = '1',`edittype` = '1',`ismodel` = '1',`datemodelid` = '261',`add` = '1',`del` = '1',`search` = '1',`edit` = '1',`seqNo` = '0',`isaction` = '1' WHERE id=261
[ 08-06-06 11:29:21 ]
 RunTime:0.000249s SQL = UPDATE tp_sys_tables SET `caption` = 'FAQ系统',`title` = 'faq',`searchtype` = '1',`edittype` = '1',`ismodel` = '0',`datemodelid` = '261',`add` = '1',`del` = '1',`search` = '1',`edit` = '1',`seqNo` = '0',`isaction` = '1' WHERE id=397
[ 08-06-06 11:29:21 ]
 RunTime:0.000187s SQL = UPDATE tp_sys_tables SET `caption` = '网站静态信息',`title` = 'sta_infos',`searchtype` = '1',`edittype` = '1',`ismodel` = '0',`datemodelid` = '261',`add` = '1',`del` = '1',`search` = '1',`edit` = '1',`seqNo` = '1',`isaction` = '1' WHERE id=262
[ 08-06-06 11:29:21 ]
 RunTime:0.000187s SQL = UPDATE tp_sys_tables SET `caption` = '网站静态信息分类',`title` = 'sta_infos_type',`searchtype` = '1',`edittype` = '1',`ismodel` = '0',`datemodelid` = '261',`add` = '1',`del` = '1',`search` = '1',`edit` = '1',`seqNo` = '1',`isaction` = '1' WHERE id=263
[ 08-06-06 11:29:21 ]
 RunTime:0.000204s SQL = UPDATE tp_sys_tables SET `caption` = '热门职位',`title` = 'hotjob',`searchtype` = '1',`edittype` = '1',`ismodel` = '0',`datemodelid` = '261',`add` = '1',`del` = '1',`search` = '1',`edit` = '1',`seqNo` = '5',`isaction` = '1' WHERE id=278
[ 08-06-06 11:29:21 ]
 RunTime:0.000215s SQL = UPDATE tp_sys_tables SET `caption` = 'Ns公司招聘',`title` = 'nsjob',`searchtype` = '1',`edittype` = '1',`ismodel` = '0',`datemodelid` = '261',`add` = '1',`del` = '1',`search` = '1',`edit` = '1',`seqNo` = '5',`isaction` = '1' WHERE id=268
[ 08-06-06 11:29:21 ]
 RunTime:0.000794s SQL = UPDATE tp_sys_tables SET `caption` = 'FLASH广告管理',`title` = 'flashad',`searchtype` = '1',`edittype` = '1',`ismodel` = '0',`datemodelid` = '261',`add` = '1',`del` = '1',`search` = '1',`edit` = '1',`seqNo` = '6',`isaction` = '1' WHERE id=283
[ 08-06-06 11:29:21 ]
 RunTime:0.000248s SQL = UPDATE tp_sys_tables SET `caption` = '对外资料管理',`title` = 'outfile',`searchtype` = '1',`edittype` = '1',`ismodel` = '0',`datemodelid` = '261',`add` = '1',`del` = '1',`search` = '1',`edit` = '1',`seqNo` = '6',`isaction` = '1' WHERE id=280
[ 08-06-06 11:29:21 ]
 RunTime:0.000192s SQL = UPDATE tp_sys_tables SET `caption` = '对外资料分类',`title` = 'outfiletype',`searchtype` = '1',`edittype` = '1',`ismodel` = '0',`datemodelid` = '261',`add` = '1',`del` = '1',`search` = '1',`edit` = '1',`seqNo` = '6',`isaction` = '1' WHERE id=279
[ 08-06-06 11:29:21 ]
 RunTime:0.000194s SQL = UPDATE tp_sys_tables SET `caption` = '成功案例管理',`title` = 'projects',`searchtype` = '1',`edittype` = '1',`ismodel` = '0',`datemodelid` = '261',`add` = '1',`del` = '1',`search` = '1',`edit` = '1',`seqNo` = '7',`isaction` = '1' WHERE id=284
[ 08-06-06 11:29:21 ]
 RunTime:0.000215s SQL = UPDATE tp_sys_tables SET `caption` = '对外信息管理',`title` = 'outnews',`searchtype` = '1',`edittype` = '1',`ismodel` = '0',`datemodelid` = '261',`add` = '1',`del` = '1',`search` = '1',`edit` = '1',`seqNo` = '7',`isaction` = '1' WHERE id=282
[ 08-06-06 11:29:21 ]
 RunTime:0.000197s SQL = UPDATE tp_sys_tables SET `caption` = '对外信息分类',`title` = 'outnewstype',`searchtype` = '1',`edittype` = '1',`ismodel` = '0',`datemodelid` = '261',`add` = '1',`del` = '1',`search` = '1',`edit` = '1',`seqNo` = '7',`isaction` = '1' WHERE id=281
[ 08-06-06 11:29:21 ]
 RunTime:0.000197s SQL = UPDATE tp_sys_tables SET `caption` = '网上留言管理',`title` = 'contact',`searchtype` = '1',`edittype` = '1',`ismodel` = '0',`datemodelid` = '261',`add` = '1',`del` = '1',`search` = '1',`edit` = '1',`seqNo` = '10',`isaction` = '1' WHERE id=269
[ 08-06-06 11:29:21 ]
 RunTime:0.000199s SQL = UPDATE tp_sys_tables SET `caption` = '留言类型分类',`title` = 'contacttype',`searchtype` = '1',`edittype` = '1',`ismodel` = '0',`datemodelid` = '261',`add` = '1',`del` = '1',`search` = '1',`edit` = '1',`seqNo` = '10',`isaction` = '1' WHERE id=264
[ 08-06-06 11:29:21 ]
 RunTime:0.000305s SQL = UPDATE tp_sys_tables SET `caption` = 'FAQ分类管理',`title` = 'faqtype',`searchtype` = '1',`edittype` = '1',`ismodel` = '0',`datemodelid` = '261',`add` = '1',`del` = '1',`search` = '1',`edit` = '1',`seqNo` = '10',`isaction` = '1' WHERE id=398
[ 08-06-06 11:29:37 ]
 RunTime:0.000545s SQL = UPDATE tp_sys_tables SET `caption` = 'FAQ分类管理',`title` = 'faqtype',`searchtype` = '1',`edittype` = '1',`ismodel` = '0',`datemodelid` = '261',`add` = '1',`del` = '1',`search` = '1',`edit` = '1',`isaction` = '1' WHERE id=398
[ 08-06-06 11:30:03 ]
 RunTime:0.000308s SQL = UPDATE tp_sys_tables SET `caption` = '发布语言分类',`title` = 'lang',`searchtype` = '1',`edittype` = '1',`ismodel` = '0',`datemodelid` = '261',`add` = '1',`del` = '1',`search` = '1',`edit` = '1',`seqNo` = '0',`isaction` = '1' WHERE id=277
[ 08-06-06 11:30:03 ]
 RunTime:0.000228s SQL = UPDATE tp_sys_tables SET `caption` = '行业分类',`title` = 'calling',`searchtype` = '1',`edittype` = '1',`ismodel` = '0',`datemodelid` = '261',`add` = '1',`del` = '1',`search` = '1',`edit` = '1',`seqNo` = '0',`isaction` = '1' WHERE id=270
[ 08-06-06 11:30:03 ]
 RunTime:0.000212s SQL = UPDATE tp_sys_tables SET `caption` = '客户列表',`title` = 'nsclient',`searchtype` = '1',`edittype` = '1',`ismodel` = '0',`datemodelid` = '261',`add` = '1',`del` = '1',`search` = '1',`edit` = '1',`seqNo` = '0',`isaction` = '1' WHERE id=267
[ 08-06-06 11:30:03 ]
 RunTime:0.000209s SQL = UPDATE tp_sys_tables SET `caption` = '公司部门管理',`title` = 'dept',`searchtype` = '1',`edittype` = '1',`ismodel` = '0',`datemodelid` = '261',`add` = '1',`del` = '1',`search` = '1',`edit` = '1',`seqNo` = '0',`isaction` = '0' WHERE id=266
[ 08-06-06 11:30:03 ]
 RunTime:0.000214s SQL = UPDATE tp_sys_tables SET `caption` = '树状菜单',`title` = 'tree',`searchtype` = '1',`edittype` = '1',`ismodel` = '0',`datemodelid` = '261',`add` = '1',`del` = '1',`search` = '1',`edit` = '1',`seqNo` = '0',`isaction` = '0' WHERE id=265
[ 08-06-06 11:30:03 ]
 RunTime:0.000269s SQL = UPDATE tp_sys_tables SET `caption` = 'NSweb公共',`title` = 'WEBpub',`searchtype` = '1',`edittype` = '1',`ismodel` = '1',`datemodelid` = '261',`add` = '1',`del` = '1',`search` = '1',`edit` = '1',`seqNo` = '0',`isaction` = '1' WHERE id=261
[ 08-06-06 11:30:03 ]
 RunTime:0.000242s SQL = UPDATE tp_sys_tables SET `caption` = 'FAQ系统',`title` = 'faq',`searchtype` = '1',`edittype` = '1',`ismodel` = '0',`datemodelid` = '261',`add` = '1',`del` = '1',`search` = '1',`edit` = '1',`seqNo` = '0',`isaction` = '1' WHERE id=397
[ 08-06-06 11:30:03 ]
 RunTime:0.000188s SQL = UPDATE tp_sys_tables SET `caption` = '网站静态信息',`title` = 'sta_infos',`searchtype` = '1',`edittype` = '1',`ismodel` = '0',`datemodelid` = '261',`add` = '1',`del` = '1',`search` = '1',`edit` = '1',`seqNo` = '1',`isaction` = '1' WHERE id=262
[ 08-06-06 11:30:03 ]
 RunTime:0.000186s SQL = UPDATE tp_sys_tables SET `caption` = '网站静态信息分类',`title` = 'sta_infos_type',`searchtype` = '1',`edittype` = '1',`ismodel` = '0',`datemodelid` = '261',`add` = '1',`del` = '1',`search` = '1',`edit` = '1',`seqNo` = '1',`isaction` = '1' WHERE id=263
[ 08-06-06 11:30:03 ]
 RunTime:0.000188s SQL = UPDATE tp_sys_tables SET `caption` = '热门职位',`title` = 'hotjob',`searchtype` = '1',`edittype` = '1',`ismodel` = '0',`datemodelid` = '261',`add` = '1',`del` = '1',`search` = '1',`edit` = '1',`seqNo` = '5',`isaction` = '1' WHERE id=278
[ 08-06-06 11:30:03 ]
 RunTime:0.000184s SQL = UPDATE tp_sys_tables SET `caption` = 'Ns公司招聘',`title` = 'nsjob',`searchtype` = '1',`edittype` = '1',`ismodel` = '0',`datemodelid` = '261',`add` = '1',`del` = '1',`search` = '1',`edit` = '1',`seqNo` = '5',`isaction` = '1' WHERE id=268
[ 08-06-06 11:30:03 ]
 RunTime:0.000184s SQL = UPDATE tp_sys_tables SET `caption` = 'FLASH广告管理',`title` = 'flashad',`searchtype` = '1',`edittype` = '1',`ismodel` = '0',`datemodelid` = '261',`add` = '1',`del` = '1',`search` = '1',`edit` = '1',`seqNo` = '6',`isaction` = '1' WHERE id=283
[ 08-06-06 11:30:03 ]
 RunTime:0.000182s SQL = UPDATE tp_sys_tables SET `caption` = '对外资料管理',`title` = 'outfile',`searchtype` = '1',`edittype` = '1',`ismodel` = '0',`datemodelid` = '261',`add` = '1',`del` = '1',`search` = '1',`edit` = '1',`seqNo` = '6',`isaction` = '1' WHERE id=280
[ 08-06-06 11:30:03 ]
 RunTime:0.000186s SQL = UPDATE tp_sys_tables SET `caption` = '对外资料分类',`title` = 'outfiletype',`searchtype` = '1',`edittype` = '1',`ismodel` = '0',`datemodelid` = '261',`add` = '1',`del` = '1',`search` = '1',`edit` = '1',`seqNo` = '6',`isaction` = '1' WHERE id=279
[ 08-06-06 11:30:03 ]
 RunTime:0.000208s SQL = UPDATE tp_sys_tables SET `caption` = '成功案例管理',`title` = 'projects',`searchtype` = '1',`edittype` = '1',`ismodel` = '0',`datemodelid` = '261',`add` = '1',`del` = '1',`search` = '1',`edit` = '1',`seqNo` = '7',`isaction` = '1' WHERE id=284
[ 08-06-06 11:30:03 ]
 RunTime:0.000296s SQL = UPDATE tp_sys_tables SET `caption` = '对外信息管理',`title` = 'outnews',`searchtype` = '1',`edittype` = '1',`ismodel` = '0',`datemodelid` = '261',`add` = '1',`del` = '1',`search` = '1',`edit` = '1',`seqNo` = '7',`isaction` = '1' WHERE id=282
[ 08-06-06 11:30:03 ]
 RunTime:0.000188s SQL = UPDATE tp_sys_tables SET `caption` = '对外信息分类',`title` = 'outnewstype',`searchtype` = '1',`edittype` = '1',`ismodel` = '0',`datemodelid` = '261',`add` = '1',`del` = '1',`search` = '1',`edit` = '1',`seqNo` = '7',`isaction` = '1' WHERE id=281
[ 08-06-06 11:30:03 ]
 RunTime:0.000185s SQL = UPDATE tp_sys_tables SET `caption` = '网上留言管理',`title` = 'contact',`searchtype` = '1',`edittype` = '1',`ismodel` = '0',`datemodelid` = '261',`add` = '1',`del` = '1',`search` = '1',`edit` = '1',`seqNo` = '10',`isaction` = '1' WHERE id=269
[ 08-06-06 11:30:03 ]
 RunTime:0.000183s SQL = UPDATE tp_sys_tables SET `caption` = '留言类型分类',`title` = 'contacttype',`searchtype` = '1',`edittype` = '1',`ismodel` = '0',`datemodelid` = '261',`add` = '1',`del` = '1',`search` = '1',`edit` = '1',`seqNo` = '10',`isaction` = '1' WHERE id=264
[ 08-06-06 11:30:03 ]
 RunTime:0.000187s SQL = UPDATE tp_sys_tables SET `caption` = 'FAQ分类管理',`title` = 'faqtype',`searchtype` = '1',`edittype` = '1',`ismodel` = '0',`datemodelid` = '261',`add` = '1',`del` = '1',`search` = '1',`edit` = '1',`seqNo` = '10',`isaction` = '1' WHERE id=398
[ 08-06-06 11:31:47 ]
 RunTime:0.000387s SQL = SELECT * FROM tp_sys_projects WHERE id='1'
[ 08-06-06 11:31:47 ]
 RunTime:0.000242s SQL = UPDATE tp_sys_projects SET `dbname` = 'crmv2',`caption` = 'CRM第二版',`proname` = 'crm2',`dbuser` = 'root',`tbpre` = 'crm_',`dbpassword` = '123456',`seqNo` = '0',`ison` = '1',`think_pach` = '../ThinkPHP',`isaction` = '0' WHERE id=1
[ 08-06-06 11:31:47 ]
 RunTime:0.000253s SQL = SELECT * FROM tp_sys_projects WHERE id='8'
[ 08-06-06 11:31:47 ]
 RunTime:0.000188s SQL = UPDATE tp_sys_projects SET `dbname` = 'pershow',`caption` = '个人网站',`proname` = 'pershow',`dbuser` = 'root',`tbpre` = 'lp_',`dbpassword` = '123456',`seqNo` = '0',`ison` = '1',`think_pach` = '../ThinkPHP',`isaction` = '0' WHERE id=8
[ 08-06-06 11:31:47 ]
 RunTime:0.000243s SQL = SELECT * FROM tp_sys_projects WHERE id='21'
[ 08-06-06 11:31:47 ]
 RunTime:0.000222s SQL = UPDATE tp_sys_projects SET `dbname` = 'wooderp',`caption` = '木工厂ERP',`proname` = 'erp',`dbuser` = 'root',`tbpre` = 'erp_',`dbpassword` = '123456',`seqNo` = '0',`ison` = '1',`think_pach` = '../ThinkPHP',`isaction` = '1' WHERE id=21
[ 08-06-06 11:31:47 ]
 RunTime:0.000467s SQL = SELECT * FROM tp_sys_projects WHERE id='20'
[ 08-06-06 11:31:47 ]
 RunTime:0.000227s SQL = UPDATE tp_sys_projects SET `dbname` = 'ns_website',`caption` = 'NS网站新版',`proname` = 'website',`dbuser` = 'root',`tbpre` = 'web_',`dbpassword` = '123456',`seqNo` = '0',`ison` = '1',`think_pach` = '../ThinkPHP',`isaction` = '1' WHERE id=20
[ 08-06-06 11:31:47 ]
 RunTime:0.000250s SQL = SELECT * FROM tp_sys_projects WHERE id='26'
[ 08-06-06 11:31:47 ]
 RunTime:0.000214s SQL = UPDATE tp_sys_projects SET `dbname` = 'ns_demo',`caption` = 'demo',`proname` = 'demo2',`dbuser` = 'root',`tbpre` = 'web_',`dbpassword` = '123456',`seqNo` = '0',`ison` = '1',`think_pach` = '../ThinkPHP',`isaction` = '1' WHERE id=26
[ 08-06-06 11:31:47 ]
 RunTime:0.000243s SQL = SELECT * FROM tp_sys_projects WHERE id='37'
[ 08-06-06 11:31:47 ]
 RunTime:0.000184s SQL = UPDATE tp_sys_projects SET `dbname` = 'traindb',`caption` = '汽车培训',`proname` = 'train',`dbuser` = 'root',`tbpre` = 'lee99_',`dbpassword` = '123456',`seqNo` = '0',`think_pach` = '../ThinkPHP',`isaction` = '1' WHERE id=37
[ 08-06-06 11:34:06 ]
 RunTime:0.000607s SQL = SELECT * FROM tp_sys_projects WHERE id='1'
[ 08-06-06 11:34:06 ]
 RunTime:0.000412s SQL = UPDATE tp_sys_projects SET `dbname` = 'crmv2',`caption` = 'CRM第二版',`proname` = 'crm2',`dbuser` = 'root',`tbpre` = 'crm_',`dbpassword` = '123456',`seqNo` = '0',`ison` = '1',`think_pach` = '../ThinkPHP',`isaction` = '0' WHERE id=1
[ 08-06-06 11:34:06 ]
 RunTime:0.000500s SQL = SELECT * FROM tp_sys_projects WHERE id='8'
[ 08-06-06 11:34:06 ]
 RunTime:0.000362s SQL = UPDATE tp_sys_projects SET `dbname` = 'pershow',`caption` = '个人网站',`proname` = 'pershow',`dbuser` = 'root',`tbpre` = 'lp_',`dbpassword` = '123456',`seqNo` = '0',`ison` = '1',`think_pach` = '../ThinkPHP',`isaction` = '0' WHERE id=8
[ 08-06-06 11:34:06 ]
 RunTime:0.000252s SQL = SELECT * FROM tp_sys_projects WHERE id='21'
[ 08-06-06 11:34:06 ]
 RunTime:0.000224s SQL = UPDATE tp_sys_projects SET `dbname` = 'wooderp',`caption` = '木工厂ERP',`proname` = 'erp',`dbuser` = 'root',`tbpre` = 'erp_',`dbpassword` = '123456',`seqNo` = '0',`ison` = '1',`think_pach` = '../ThinkPHP',`isaction` = '1' WHERE id=21
[ 08-06-06 11:34:06 ]
 RunTime:0.000348s SQL = SELECT * FROM tp_sys_projects WHERE id='20'
[ 08-06-06 11:34:06 ]
 RunTime:0.000254s SQL = UPDATE tp_sys_projects SET `dbname` = 'ns_website',`caption` = 'NS网站新版',`proname` = 'website',`dbuser` = 'root',`tbpre` = 'web_',`dbpassword` = '123456',`seqNo` = '0',`ison` = '1',`think_pach` = '../ThinkPHP',`isaction` = '1' WHERE id=20
[ 08-06-06 11:34:06 ]
 RunTime:0.000292s SQL = SELECT * FROM tp_sys_projects WHERE id='26'
[ 08-06-06 11:34:06 ]
 RunTime:0.000257s SQL = UPDATE tp_sys_projects SET `dbname` = 'ns_demo',`caption` = 'demo',`proname` = 'demo',`dbuser` = 'root',`tbpre` = 'web_',`dbpassword` = '123456',`seqNo` = '0',`ison` = '1',`think_pach` = '../ThinkPHP',`isaction` = '1' WHERE id=26
[ 08-06-06 11:34:06 ]
 RunTime:0.000275s SQL = SELECT * FROM tp_sys_projects WHERE id='37'
[ 08-06-06 11:34:06 ]
 RunTime:0.000241s SQL = UPDATE tp_sys_projects SET `dbname` = 'traindb',`caption` = '汽车培训',`proname` = 'train',`dbuser` = 'root',`tbpre` = 'lee99_',`dbpassword` = '123456',`seqNo` = '0',`think_pach` = '../ThinkPHP',`isaction` = '1' WHERE id=37
[ 08-06-06 11:38:27 ]
 RunTime:0.000395s SQL = SELECT * FROM tp_sys_projects WHERE id='1'
[ 08-06-06 11:38:27 ]
 RunTime:0.000243s SQL = UPDATE tp_sys_projects SET `dbname` = 'crmv2',`caption` = 'CRM第二版',`proname` = 'crm2',`dbuser` = 'root',`tbpre` = 'crm_',`dbpassword` = '123456',`seqNo` = '0',`ison` = '1',`think_pach` = '../ThinkPHP',`isaction` = '0' WHERE id=1
[ 08-06-06 11:38:27 ]
 RunTime:0.000259s SQL = SELECT * FROM tp_sys_projects WHERE id='8'
[ 08-06-06 11:38:27 ]
 RunTime:0.000199s SQL = UPDATE tp_sys_projects SET `dbname` = 'pershow',`caption` = '个人网站',`proname` = 'pershow',`dbuser` = 'root',`tbpre` = 'lp_',`dbpassword` = '123456',`seqNo` = '0',`ison` = '1',`think_pach` = '../ThinkPHP',`isaction` = '0' WHERE id=8
[ 08-06-06 11:38:27 ]
 RunTime:0.000246s SQL = SELECT * FROM tp_sys_projects WHERE id='21'
[ 08-06-06 11:38:27 ]
 RunTime:0.000388s SQL = UPDATE tp_sys_projects SET `dbname` = 'wooderp',`caption` = '木工厂ERP',`proname` = 'erp',`dbuser` = 'root',`tbpre` = 'erp_',`dbpassword` = '123456',`seqNo` = '0',`ison` = '1',`think_pach` = '../ThinkPHP',`isaction` = '1' WHERE id=21
[ 08-06-06 11:38:27 ]
 RunTime:0.000357s SQL = SELECT * FROM tp_sys_projects WHERE id='20'
[ 08-06-06 11:38:27 ]
 RunTime:0.000237s SQL = UPDATE tp_sys_projects SET `dbname` = 'ns_website',`caption` = 'NS网站新版',`proname` = 'website',`dbuser` = 'root',`tbpre` = 'web_',`dbpassword` = '123456',`seqNo` = '0',`ison` = '1',`think_pach` = '../ThinkPHP',`isaction` = '1' WHERE id=20
[ 08-06-06 11:38:27 ]
 RunTime:0.000265s SQL = SELECT * FROM tp_sys_projects WHERE id='26'
[ 08-06-06 11:38:27 ]
 RunTime:0.000224s SQL = UPDATE tp_sys_projects SET `dbname` = 'ns_website',`caption` = 'demo',`proname` = 'demo',`dbuser` = 'root',`tbpre` = 'web_',`dbpassword` = '123456',`seqNo` = '0',`ison` = '1',`think_pach` = '../ThinkPHP',`isaction` = '1' WHERE id=26
[ 08-06-06 11:38:27 ]
 RunTime:0.000250s SQL = SELECT * FROM tp_sys_projects WHERE id='37'
[ 08-06-06 11:38:27 ]
 RunTime:0.000195s SQL = UPDATE tp_sys_projects SET `dbname` = 'traindb',`caption` = '汽车培训',`proname` = 'train',`dbuser` = 'root',`tbpre` = 'lee99_',`dbpassword` = '123456',`seqNo` = '0',`think_pach` = '../ThinkPHP',`isaction` = '1' WHERE id=37
[ 08-06-06 11:40:40 ]
 RunTime:0.000513s SQL = SELECT * FROM tp_sys_fields WHERE id='1885'
[ 08-06-06 11:40:40 ]
 RunTime:0.000458s SQL = UPDATE tp_sys_fields SET `pid` = '397',`name` = 'title',`caption` = '标题',`islist` = '1',`fieldtype` = '1',`fieldlenght` = '0',`request` = '1',`validate` = '1',`validate_tex` = '',`validate_reg` = '',`viewtype` = '1',`edittype` = '1',`addtype` = '1',`islistwidth` = '',`islistviewtype` = '1',`iswrap` = '1',`indexvar` = '',`autotype` = '0',`issystem` = '1',`outkey` = '',`outkeyis` = '0',`outkeyid` = '',`outkeyf` = '',`outkeywhere` = '',`searchtype` = '1',`advsearchtype` = '1',`issearch` = '1',`seqNo` = '0',`modelid` = '0' WHERE id=1885
[ 08-06-06 11:40:40 ]
 RunTime:0.000400s SQL = SELECT * FROM tp_sys_fields WHERE id='1886'
[ 08-06-06 11:40:40 ]
 RunTime:0.000346s SQL = UPDATE tp_sys_fields SET `pid` = '397',`name` = 'content',`caption` = '回答',`islist` = '0',`fieldtype` = '3',`fieldlenght` = '0',`request` = '1',`validate` = '1',`validate_tex` = '',`validate_reg` = '',`viewtype` = '10',`edittype` = '9',`addtype` = '9',`islistwidth` = '',`islistviewtype` = '1',`iswrap` = '1',`indexvar` = '',`autotype` = '0',`issystem` = '1',`outkey` = '',`outkeyis` = '0',`outkeyid` = '',`outkeyf` = '',`outkeywhere` = '',`searchtype` = '1',`advsearchtype` = '1',`issearch` = '1',`seqNo` = '0',`modelid` = '0' WHERE id=1886
[ 08-06-06 11:40:40 ]
 RunTime:0.000362s SQL = SELECT * FROM tp_sys_fields WHERE id='1887'
[ 08-06-06 11:40:40 ]
 RunTime:0.000363s SQL = UPDATE tp_sys_fields SET `pid` = '397',`name` = 'pid',`caption` = '分类',`islist` = '1',`fieldtype` = '2',`fieldlenght` = '0',`request` = '1',`validate` = '1',`validate_tex` = '',`validate_reg` = '',`viewtype` = '9',`edittype` = '2',`addtype` = '2',`islistwidth` = '',`islistviewtype` = '1',`iswrap` = '1',`indexvar` = '',`autotype` = '0',`issystem` = '1',`outkey` = 'faqtype',`outkeyis` = '0',`outkeyid` = 'id',`outkeyf` = 'title_cn',`outkeywhere` = '',`searchtype` = '1',`advsearchtype` = '1',`issearch` = '1',`seqNo` = '0',`modelid` = '0' WHERE id=1887
[ 08-06-06 11:41:25 ]
 RunTime:0.000601s SQL = SELECT * FROM tp_sys_fields WHERE id='1885'
[ 08-06-06 11:41:25 ]
 RunTime:0.000378s SQL = UPDATE tp_sys_fields SET `pid` = '397',`name` = 'title',`caption` = '标题',`islist` = '1',`fieldtype` = '1',`fieldlenght` = '0',`request` = '1',`validate` = '1',`validate_tex` = '',`validate_reg` = '',`viewtype` = '1',`edittype` = '1',`addtype` = '1',`islistwidth` = '',`islistviewtype` = '1',`iswrap` = '1',`indexvar` = '',`autotype` = '0',`issystem` = '1',`outkey` = '',`outkeyis` = '0',`outkeyid` = '',`outkeyf` = '',`outkeywhere` = '',`searchtype` = '1',`advsearchtype` = '1',`issearch` = '1',`seqNo` = '0',`modelid` = '0' WHERE id=1885
[ 08-06-06 11:41:25 ]
 RunTime:0.000390s SQL = SELECT * FROM tp_sys_fields WHERE id='1886'
[ 08-06-06 11:41:25 ]
 RunTime:0.000274s SQL = UPDATE tp_sys_fields SET `pid` = '397',`name` = 'content',`caption` = '回答',`islist` = '0',`fieldtype` = '3',`fieldlenght` = '0',`request` = '1',`validate` = '1',`validate_tex` = '',`validate_reg` = '',`viewtype` = '10',`edittype` = '9',`addtype` = '9',`islistwidth` = '',`islistviewtype` = '1',`iswrap` = '1',`indexvar` = '',`autotype` = '0',`issystem` = '1',`outkey` = '',`outkeyis` = '0',`outkeyid` = '',`outkeyf` = '',`outkeywhere` = '',`searchtype` = '1',`advsearchtype` = '1',`issearch` = '1',`seqNo` = '0',`modelid` = '0' WHERE id=1886
[ 08-06-06 11:41:25 ]
 RunTime:0.000378s SQL = SELECT * FROM tp_sys_fields WHERE id='1887'
[ 08-06-06 11:41:25 ]
 RunTime:0.000287s SQL = UPDATE tp_sys_fields SET `pid` = '397',`name` = 'pid',`caption` = '分类',`islist` = '1',`fieldtype` = '2',`fieldlenght` = '0',`request` = '1',`validate` = '1',`validate_tex` = '',`validate_reg` = '',`viewtype` = '2',`edittype` = '2',`addtype` = '2',`islistwidth` = '',`islistviewtype` = '1',`iswrap` = '1',`indexvar` = '',`autotype` = '0',`issystem` = '1',`outkey` = 'faqtype',`outkeyis` = '0',`outkeyid` = 'id',`outkeyf` = 'title_cn',`outkeywhere` = '',`searchtype` = '1',`advsearchtype` = '1',`issearch` = '1',`seqNo` = '0',`modelid` = '0' WHERE id=1887
[ 08-06-06 14:20:57 ]
 RunTime:0.000386s SQL = SELECT * FROM tp_sys_projects WHERE id='1'
[ 08-06-06 14:20:57 ]
 RunTime:0.000269s SQL = UPDATE tp_sys_projects SET `dbname` = 'crmv2',`caption` = 'CRM第二版',`proname` = 'crm2',`dbuser` = 'root',`tbpre` = 'crm_',`dbpassword` = '123456',`seqNo` = '0',`ison` = '1',`think_pach` = '../ThinkPHP',`isaction` = '1' WHERE id=1
[ 08-06-06 14:20:57 ]
 RunTime:0.000255s SQL = SELECT * FROM tp_sys_projects WHERE id='8'
[ 08-06-06 14:20:57 ]
 RunTime:0.000190s SQL = UPDATE tp_sys_projects SET `dbname` = 'pershow',`caption` = '个人网站',`proname` = 'pershow',`dbuser` = 'root',`tbpre` = 'lp_',`dbpassword` = '123456',`seqNo` = '0',`ison` = '1',`think_pach` = '../ThinkPHP',`isaction` = '0' WHERE id=8
[ 08-06-06 14:20:57 ]
 RunTime:0.000253s SQL = SELECT * FROM tp_sys_projects WHERE id='21'
[ 08-06-06 14:20:57 ]
 RunTime:0.000203s SQL = UPDATE tp_sys_projects SET `dbname` = 'wooderp',`caption` = '木工厂ERP',`proname` = 'erp',`dbuser` = 'root',`tbpre` = 'erp_',`dbpassword` = '123456',`seqNo` = '0',`ison` = '1',`think_pach` = '../ThinkPHP',`isaction` = '0' WHERE id=21
[ 08-06-06 14:20:57 ]
 RunTime:0.000245s SQL = SELECT * FROM tp_sys_projects WHERE id='20'
[ 08-06-06 14:20:57 ]
 RunTime:0.000225s SQL = UPDATE tp_sys_projects SET `dbname` = 'ns_website',`caption` = 'NS网站新版',`proname` = 'website',`dbuser` = 'root',`tbpre` = 'web_',`dbpassword` = '123456',`seqNo` = '0',`ison` = '1',`think_pach` = '../ThinkPHP',`isaction` = '0' WHERE id=20
[ 08-06-06 14:20:57 ]
 RunTime:0.000251s SQL = SELECT * FROM tp_sys_projects WHERE id='26'
[ 08-06-06 14:20:57 ]
 RunTime:0.000191s SQL = UPDATE tp_sys_projects SET `dbname` = 'ns_website',`caption` = 'demo',`proname` = 'demo',`dbuser` = 'root',`tbpre` = 'web_',`dbpassword` = '123456',`seqNo` = '0',`ison` = '1',`think_pach` = '../ThinkPHP',`isaction` = '1' WHERE id=26
[ 08-06-06 14:20:57 ]
 RunTime:0.000245s SQL = SELECT * FROM tp_sys_projects WHERE id='37'
[ 08-06-06 14:20:57 ]
 RunTime:0.000292s SQL = UPDATE tp_sys_projects SET `dbname` = 'traindb',`caption` = '汽车培训',`proname` = 'train',`dbuser` = 'root',`tbpre` = 'lee99_',`dbpassword` = '123456',`seqNo` = '0',`think_pach` = '../ThinkPHP',`isaction` = '0' WHERE id=37
[ 08-06-06 14:21:13 ]
 RunTime:0.000617s SQL = SELECT * FROM tp_sys_projects WHERE id='1'
[ 08-06-06 14:21:13 ]
 RunTime:0.000429s SQL = UPDATE tp_sys_projects SET `dbname` = 'crmv2',`caption` = 'CRM第二版',`proname` = 'crm2',`dbuser` = 'root',`tbpre` = 'crm_',`dbpassword` = '123456',`seqNo` = '0',`ison` = '1',`think_pach` = '../ThinkPHP',`isaction` = '1' WHERE id=1
[ 08-06-06 14:21:13 ]
 RunTime:0.000574s SQL = SELECT * FROM tp_sys_projects WHERE id='8'
[ 08-06-06 14:21:13 ]
 RunTime:0.000365s SQL = UPDATE tp_sys_projects SET `dbname` = 'pershow',`caption` = '个人网站',`proname` = 'pershow',`dbuser` = 'root',`tbpre` = 'lp_',`dbpassword` = '123456',`seqNo` = '0',`ison` = '1',`think_pach` = '../ThinkPHP',`isaction` = '0' WHERE id=8
[ 08-06-06 14:21:13 ]
 RunTime:0.000466s SQL = SELECT * FROM tp_sys_projects WHERE id='21'
[ 08-06-06 14:21:13 ]
 RunTime:0.000187s SQL = UPDATE tp_sys_projects SET `dbname` = 'wooderp',`caption` = '木工厂ERP',`proname` = 'erp',`dbuser` = 'root',`tbpre` = 'erp_',`dbpassword` = '123456',`seqNo` = '0',`ison` = '1',`think_pach` = '../ThinkPHP',`isaction` = '0' WHERE id=21
[ 08-06-06 14:21:13 ]
 RunTime:0.000240s SQL = SELECT * FROM tp_sys_projects WHERE id='20'
[ 08-06-06 14:21:13 ]
 RunTime:0.000227s SQL = UPDATE tp_sys_projects SET `dbname` = 'ns_website',`caption` = 'NS网站新版',`proname` = 'website',`dbuser` = 'root',`tbpre` = 'web_',`dbpassword` = '123456',`seqNo` = '0',`ison` = '1',`think_pach` = '../ThinkPHP',`isaction` = '0' WHERE id=20
[ 08-06-06 14:21:13 ]
 RunTime:0.000265s SQL = SELECT * FROM tp_sys_projects WHERE id='26'
[ 08-06-06 14:21:13 ]
 RunTime:0.000292s SQL = UPDATE tp_sys_projects SET `dbname` = 'ns_website',`caption` = 'demo',`proname` = 'demo',`dbuser` = 'root',`tbpre` = 'web_',`dbpassword` = '123456',`seqNo` = '0',`ison` = '1',`think_pach` = '../ThinkPHP',`isaction` = '1' WHERE id=26
[ 08-06-06 14:21:13 ]
 RunTime:0.000279s SQL = SELECT * FROM tp_sys_projects WHERE id='37'
[ 08-06-06 14:21:13 ]
 RunTime:0.000194s SQL = UPDATE tp_sys_projects SET `dbname` = 'traindb',`caption` = '汽车培训',`proname` = 'train',`dbuser` = 'root',`tbpre` = 'lee99_',`dbpassword` = '123456',`seqNo` = '0',`think_pach` = '../ThinkPHP',`isaction` = '0' WHERE id=37