
[ 08-06-05 08:59:24 ]
注意：[8] Undefined index:  id ~runtime.php 第 9 行.

[ 08-06-05 08:59:24 ]
注意：[8] Undefined index:  id ~runtime.php 第 9 行.

[ 08-06-05 08:59:24 ]
注意：[8] Undefined index:  id ~runtime.php 第 9 行.

[ 08-06-05 08:59:24 ]
注意：[8] Uninitialized string offset:  3 Sys_fieldsAction.class.php 第 101 行.

[ 08-06-05 08:59:24 ]
注意：[8] Undefined index:  id ~runtime.php 第 9 行.

[ 08-06-05 08:59:24 ]
注意：[8] Uninitialized string offset:  4 Sys_fieldsAction.class.php 第 101 行.

[ 08-06-05 08:59:24 ]
注意：[8] Undefined index:  id ~runtime.php 第 9 行.

[ 08-06-05 08:59:24 ]
注意：[8] Uninitialized string offset:  5 Sys_fieldsAction.class.php 第 101 行.

[ 08-06-05 08:59:24 ]
注意：[8] Undefined index:  id ~runtime.php 第 9 行.

[ 08-06-05 08:59:24 ]
注意：[8] Uninitialized string offset:  6 Sys_fieldsAction.class.php 第 101 行.

[ 08-06-05 08:59:24 ]
注意：[8] Undefined index:  id ~runtime.php 第 9 行.

[ 08-06-05 09:08:58 ]
注意：[8] Undefined index:  id ~runtime.php 第 9 行.

[ 08-06-05 09:08:58 ]
注意：[8] Undefined index:  id ~runtime.php 第 9 行.

[ 08-06-05 09:08:58 ]
注意：[8] Undefined index:  id ~runtime.php 第 9 行.

[ 08-06-05 09:08:58 ]
注意：[8] Uninitialized string offset:  3 Sys_fieldsAction.class.php 第 101 行.

[ 08-06-05 09:08:58 ]
注意：[8] Undefined index:  id ~runtime.php 第 9 行.

[ 08-06-05 09:08:58 ]
注意：[8] Uninitialized string offset:  4 Sys_fieldsAction.class.php 第 101 行.

[ 08-06-05 09:08:58 ]
注意：[8] Undefined index:  id ~runtime.php 第 9 行.

[ 08-06-05 09:08:58 ]
注意：[8] Uninitialized string offset:  5 Sys_fieldsAction.class.php 第 101 行.

[ 08-06-05 09:08:58 ]
注意：[8] Undefined index:  id ~runtime.php 第 9 行.

[ 08-06-05 09:08:58 ]
注意：[8] Uninitialized string offset:  6 Sys_fieldsAction.class.php 第 101 行.

[ 08-06-05 09:08:58 ]
注意：[8] Undefined index:  id ~runtime.php 第 9 行.

[ 08-06-05 09:19:18 ]
注意：[8] Undefined index:  id ~runtime.php 第 9 行.

[ 08-06-05 09:19:18 ]
注意：[8] Undefined index:  id ~runtime.php 第 9 行.

[ 08-06-05 09:19:18 ]
注意：[8] Undefined index:  id ~runtime.php 第 9 行.

[ 08-06-05 09:19:18 ]
注意：[8] Uninitialized string offset:  3 Sys_fieldsAction.class.php 第 101 行.

[ 08-06-05 09:19:18 ]
注意：[8] Undefined index:  id ~runtime.php 第 9 行.

[ 08-06-05 09:19:18 ]
注意：[8] Uninitialized string offset:  4 Sys_fieldsAction.class.php 第 101 行.

[ 08-06-05 09:19:18 ]
注意：[8] Undefined index:  id ~runtime.php 第 9 行.

[ 08-06-05 09:19:18 ]
注意：[8] Uninitialized string offset:  5 Sys_fieldsAction.class.php 第 101 行.

[ 08-06-05 09:19:18 ]
注意：[8] Undefined index:  id ~runtime.php 第 9 行.

[ 08-06-05 09:23:49 ]
注意：[8] Undefined index:  id ~runtime.php 第 9 行.

[ 08-06-05 09:23:49 ]
注意：[8] Undefined index:  id ~runtime.php 第 9 行.

[ 08-06-05 09:23:49 ]
注意：[8] Undefined index:  id ~runtime.php 第 9 行.

[ 08-06-05 09:23:49 ]
注意：[8] Undefined index:  id ~runtime.php 第 9 行.

[ 08-06-05 09:23:49 ]
注意：[8] Undefined index:  id ~runtime.php 第 9 行.

[ 08-06-05 09:23:49 ]
注意：[8] Undefined index:  id ~runtime.php 第 9 行.

[ 08-06-05 09:23:49 ]
注意：[8] Undefined index:  id ~runtime.php 第 9 行.

[ 08-06-05 09:23:49 ]
注意：[8] Undefined index:  id ~runtime.php 第 9 行.

[ 08-06-05 09:23:49 ]
注意：[8] Undefined index:  id ~runtime.php 第 9 行.

[ 08-06-05 09:23:49 ]
注意：[8] Undefined index:  id ~runtime.php 第 9 行.

[ 08-06-05 09:24:23 ]
注意：[8] Undefined index:  id ~runtime.php 第 9 行.

[ 08-06-05 09:24:23 ]
注意：[8] Undefined index:  id ~runtime.php 第 9 行.

[ 08-06-05 09:24:23 ]
注意：[8] Undefined index:  id ~runtime.php 第 9 行.

[ 08-06-05 09:24:23 ]
注意：[8] Uninitialized string offset:  3 Sys_fieldsAction.class.php 第 101 行.

[ 08-06-05 09:24:23 ]
注意：[8] Undefined index:  id ~runtime.php 第 9 行.

[ 08-06-05 09:24:23 ]
注意：[8] Uninitialized string offset:  4 Sys_fieldsAction.class.php 第 101 行.

[ 08-06-05 09:24:23 ]
注意：[8] Undefined index:  id ~runtime.php 第 9 行.

[ 08-06-05 09:24:23 ]
注意：[8] Uninitialized string offset:  5 Sys_fieldsAction.class.php 第 101 行.

[ 08-06-05 09:24:23 ]
注意：[8] Undefined index:  id ~runtime.php 第 9 行.

[ 08-06-05 09:24:53 ]
注意：[8] Undefined index:  id ~runtime.php 第 9 行.

[ 08-06-05 09:24:53 ]
注意：[8] Undefined index:  id ~runtime.php 第 9 行.

[ 08-06-05 09:24:53 ]
注意：[8] Undefined index:  id ~runtime.php 第 9 行.

[ 08-06-05 09:24:53 ]
注意：[8] Undefined index:  id ~runtime.php 第 9 行.

[ 08-06-05 09:24:53 ]
注意：[8] Undefined index:  id ~runtime.php 第 9 行.

[ 08-06-05 09:24:53 ]
注意：[8] Undefined index:  id ~runtime.php 第 9 行.

[ 08-06-05 09:24:53 ]
注意：[8] Undefined index:  id ~runtime.php 第 9 行.

[ 08-06-05 09:24:53 ]
注意：[8] Undefined index:  id ~runtime.php 第 9 行.

[ 08-06-05 09:24:53 ]
注意：[8] Undefined index:  id ~runtime.php 第 9 行.

[ 08-06-05 09:24:53 ]
注意：[8] Undefined index:  id ~runtime.php 第 9 行.

[ 08-06-05 09:24:53 ]
注意：[8] Uninitialized string offset:  10 Sub_edittypeAction.class.php 第 67 行.

[ 08-06-05 09:24:53 ]
注意：[8] Undefined index:  id ~runtime.php 第 9 行.

[ 08-06-05 09:24:53 ]
注意：[8] Uninitialized string offset:  11 Sub_edittypeAction.class.php 第 67 行.

[ 08-06-05 09:24:53 ]
注意：[8] Undefined index:  id ~runtime.php 第 9 行.

[ 08-06-05 09:24:53 ]
注意：[8] Uninitialized string offset:  12 Sub_edittypeAction.class.php 第 67 行.

[ 08-06-05 09:24:53 ]
注意：[8] Uninitialized string offset:  12 Sub_edittypeAction.class.php 第 67 行.

[ 08-06-05 09:24:53 ]
注意：[8] Undefined index:  id ~runtime.php 第 9 行.

[ 08-06-05 09:24:53 ]
注意：[8] Uninitialized string offset:  13 Sub_edittypeAction.class.php 第 67 行.

[ 08-06-05 09:24:53 ]
注意：[8] Uninitialized string offset:  13 Sub_edittypeAction.class.php 第 67 行.

[ 08-06-05 09:24:53 ]
注意：[8] Undefined index:  id ~runtime.php 第 9 行.

[ 08-06-05 09:24:53 ]
注意：[8] Uninitialized string offset:  14 Sub_edittypeAction.class.php 第 67 行.

[ 08-06-05 09:24:53 ]
注意：[8] Uninitialized string offset:  14 Sub_edittypeAction.class.php 第 67 行.

[ 08-06-05 09:24:53 ]
注意：[8] Undefined index:  id ~runtime.php 第 9 行.

[ 08-06-05 09:24:53 ]
注意：[8] Uninitialized string offset:  15 Sub_edittypeAction.class.php 第 67 行.

[ 08-06-05 09:24:53 ]
注意：[8] Uninitialized string offset:  15 Sub_edittypeAction.class.php 第 67 行.

[ 08-06-05 09:24:53 ]
注意：[8] Undefined index:  id ~runtime.php 第 9 行.

[ 08-06-05 09:24:53 ]
注意：[8] Uninitialized string offset:  16 Sub_edittypeAction.class.php 第 67 行.

[ 08-06-05 09:24:53 ]
注意：[8] Uninitialized string offset:  16 Sub_edittypeAction.class.php 第 67 行.

[ 08-06-05 09:24:53 ]
注意：[8] Undefined index:  id ~runtime.php 第 9 行.

[ 08-06-05 09:24:57 ]
注意：[8] Undefined index:  id ~runtime.php 第 9 行.

[ 08-06-05 09:24:57 ]
注意：[8] Undefined index:  id ~runtime.php 第 9 行.

[ 08-06-05 09:24:57 ]
注意：[8] Undefined index:  id ~runtime.php 第 9 行.

[ 08-06-05 09:24:57 ]
注意：[8] Undefined index:  id ~runtime.php 第 9 行.

[ 08-06-05 09:24:57 ]
注意：[8] Undefined index:  id ~runtime.php 第 9 行.

[ 08-06-05 09:24:57 ]
注意：[8] Undefined index:  id ~runtime.php 第 9 行.

[ 08-06-05 09:24:57 ]
注意：[8] Undefined index:  id ~runtime.php 第 9 行.

[ 08-06-05 09:24:57 ]
注意：[8] Undefined index:  id ~runtime.php 第 9 行.

[ 08-06-05 09:24:57 ]
注意：[8] Undefined index:  id ~runtime.php 第 9 行.

[ 08-06-05 09:24:57 ]
注意：[8] Undefined index:  id ~runtime.php 第 9 行.

[ 08-06-05 09:24:57 ]
注意：[8] Uninitialized string offset:  10 Sub_addtypeAction.class.php 第 67 行.

[ 08-06-05 09:24:57 ]
注意：[8] Undefined index:  id ~runtime.php 第 9 行.

[ 08-06-05 09:24:57 ]
注意：[8] Uninitialized string offset:  11 Sub_addtypeAction.class.php 第 67 行.

[ 08-06-05 09:24:57 ]
注意：[8] Uninitialized string offset:  11 Sub_addtypeAction.class.php 第 67 行.

[ 08-06-05 09:24:57 ]
注意：[8] Undefined index:  id ~runtime.php 第 9 行.

[ 08-06-05 09:24:57 ]
注意：[8] Uninitialized string offset:  12 Sub_addtypeAction.class.php 第 67 行.

[ 08-06-05 09:24:57 ]
注意：[8] Uninitialized string offset:  12 Sub_addtypeAction.class.php 第 67 行.

[ 08-06-05 09:24:57 ]
注意：[8] Undefined index:  id ~runtime.php 第 9 行.

[ 08-06-05 09:24:57 ]
注意：[8] Uninitialized string offset:  13 Sub_addtypeAction.class.php 第 67 行.

[ 08-06-05 09:24:57 ]
注意：[8] Uninitialized string offset:  13 Sub_addtypeAction.class.php 第 67 行.

[ 08-06-05 09:24:57 ]
注意：[8] Undefined index:  id ~runtime.php 第 9 行.

[ 08-06-05 09:24:57 ]
注意：[8] Uninitialized string offset:  14 Sub_addtypeAction.class.php 第 67 行.

[ 08-06-05 09:24:57 ]
注意：[8] Uninitialized string offset:  14 Sub_addtypeAction.class.php 第 67 行.

[ 08-06-05 09:24:57 ]
注意：[8] Undefined index:  id ~runtime.php 第 9 行.

[ 08-06-05 09:24:57 ]
注意：[8] Uninitialized string offset:  15 Sub_addtypeAction.class.php 第 67 行.

[ 08-06-05 09:24:57 ]
注意：[8] Uninitialized string offset:  15 Sub_addtypeAction.class.php 第 67 行.

[ 08-06-05 09:24:57 ]
注意：[8] Undefined index:  id ~runtime.php 第 9 行.

[ 08-06-05 09:24:57 ]
注意：[8] Uninitialized string offset:  16 Sub_addtypeAction.class.php 第 67 行.

[ 08-06-05 09:24:57 ]
注意：[8] Uninitialized string offset:  16 Sub_addtypeAction.class.php 第 67 行.

[ 08-06-05 09:24:57 ]
注意：[8] Undefined index:  id ~runtime.php 第 9 行.

[ 08-06-05 09:38:05 ]
注意：[8] Undefined index:  id ~runtime.php 第 9 行.

[ 08-06-05 09:38:05 ]
注意：[8] Undefined index:  id ~runtime.php 第 9 行.

[ 08-06-05 09:38:05 ]
注意：[8] Undefined index:  id ~runtime.php 第 9 行.

[ 08-06-05 09:38:05 ]
注意：[8] Uninitialized string offset:  3 Sys_fieldsAction.class.php 第 101 行.

[ 08-06-05 09:38:05 ]
注意：[8] Undefined index:  id ~runtime.php 第 9 行.

[ 08-06-05 09:38:05 ]
注意：[8] Uninitialized string offset:  4 Sys_fieldsAction.class.php 第 101 行.

[ 08-06-05 09:38:05 ]
注意：[8] Undefined index:  id ~runtime.php 第 9 行.

[ 08-06-05 09:38:05 ]
注意：[8] Uninitialized string offset:  5 Sys_fieldsAction.class.php 第 101 行.

[ 08-06-05 09:38:05 ]
注意：[8] Undefined index:  id ~runtime.php 第 9 行.
